<!DOCTYPE html PUBLIC "-//W3C//DTD XHTML 1.1//EN" "http://www.w3.org/TR/xhtml11/DTD/xhtml11.dtd">
<html xmlns="http://www.w3.org/1999/xhtml"><head><title>TestNG Report</title><style type="text/css">table {margin-bottom:10px;border-collapse:collapse;empty-cells:show}th,td {border:1px solid #009;padding:.25em .5em}th {vertical-align:bottom}td {vertical-align:top}table a {font-weight:bold}.stripe td {background-color: #E6EBF9}.num {text-align:right}.passedodd td {background-color: #3F3}.passedeven td {background-color: #0A0}.skippedodd td {background-color: #DDD}.skippedeven td {background-color: #CCC}.failedodd td,.attn {background-color: #F33}.failedeven td,.stripe .attn {background-color: #D00}.stacktrace {white-space:pre;font-family:monospace}.totop {font-size:85%;text-align:center;border-bottom:2px solid #000}</style></head><body><table><tr><th>Test</th><th># Passed</th><th># Skipped</th><th># Failed</th><th>Time (ms)</th><th>Included Groups</th><th>Excluded Groups</th></tr><tr><th colspan="7">Default suite</th></tr><tr><td><a href="#t0">Default test</a></td><td class="num">3</td><td class="num attn">26</td><td class="num attn">5</td><td class="num">2Â 939</td><td></td><td></td></tr></table><table><thead><tr><th>Class</th><th>Method</th><th>Start</th><th>Time (ms)</th></tr></thead><tbody><tr><th colspan="4">Default suite</th></tr></tbody><tbody id="t0"><tr><th colspan="4">Default test &#8212; failed</th></tr><tr class="failedeven"><td rowspan="5">com.distrimind.ood.tests.HSQLDBTestDatabase</td><td><a href="#m0">firstAdd</a></td><td rowspan="1">1497013215570</td><td rowspan="1">48</td></tr><tr class="failedeven"><td><a href="#m1">testCommandTranslatorInterpreter</a></td><td rowspan="4">1497013215695</td><td rowspan="4">167</td></tr><tr class="failedeven"><td><a href="#m2">testCommandTranslatorInterpreter</a></td></tr><tr class="failedeven"><td><a href="#m3">testCommandTranslatorInterpreter</a></td></tr><tr class="failedeven"><td><a href="#m4">testCommandTranslatorInterpreter</a></td></tr><tr><th colspan="4">Default test &#8212; skipped</th></tr><tr class="skippedeven"><td rowspan="26">com.distrimind.ood.tests.HSQLDBTestDatabase</td><td><a href="#m5">addForeignKeyAndTestUniqueKeys</a></td><td rowspan="1">1497013216398</td><td rowspan="1">0</td></tr><tr class="skippedeven"><td><a href="#m6">addSecondRecord</a></td><td rowspan="1">1497013216358</td><td rowspan="1">0</td></tr><tr class="skippedeven"><td><a href="#m7">alterRecord</a></td><td rowspan="1">1497013216352</td><td rowspan="1">0</td></tr><tr class="skippedeven"><td><a href="#m8">alterRecordWithCascade</a></td><td rowspan="1">1497013216403</td><td rowspan="1">0</td></tr><tr class="skippedeven"><td><a href="#m9">firstReload</a></td><td rowspan="1">1497013216336</td><td rowspan="1">0</td></tr><tr class="skippedeven"><td><a href="#m10">firstTestSize</a></td><td rowspan="1">1497013216330</td><td rowspan="1">0</td></tr><tr class="skippedeven"><td><a href="#m11">getRecord</a></td><td rowspan="1">1497013216363</td><td rowspan="1">0</td></tr><tr class="skippedeven"><td><a href="#m12">getRecordFilter</a></td><td rowspan="1">1497013216366</td><td rowspan="1">0</td></tr><tr class="skippedeven"><td><a href="#m13">multipleTests</a></td><td rowspan="1">1497013216434</td><td rowspan="1">0</td></tr><tr class="skippedeven"><td><a href="#m14">prepareMultipleTest</a></td><td rowspan="1">1497013216429</td><td rowspan="1">0</td></tr><tr class="skippedeven"><td><a href="#m15">removeForeignKeyRecords</a></td><td rowspan="1">1497013216413</td><td rowspan="1">0</td></tr><tr class="skippedeven"><td><a href="#m16">removePointedRecords</a></td><td rowspan="1">1497013216408</td><td rowspan="1">0</td></tr><tr class="skippedeven"><td><a href="#m17">removeRecord</a></td><td rowspan="1">1497013216372</td><td rowspan="1">0</td></tr><tr class="skippedeven"><td><a href="#m18">removeRecords</a></td><td rowspan="1">1497013216382</td><td rowspan="1">0</td></tr><tr class="skippedeven"><td><a href="#m19">removeWithCascade</a></td><td rowspan="1">1497013216421</td><td rowspan="1">0</td></tr><tr class="skippedeven"><td><a href="#m20">secondTestSize</a></td><td rowspan="1">1497013216343</td><td rowspan="1">0</td></tr><tr class="skippedeven"><td><a href="#m21">setAutoRandomFields</a></td><td rowspan="1">1497013216424</td><td rowspan="1">0</td></tr><tr class="skippedeven"><td><a href="#m22">testArrayRecordParameters</a></td><td rowspan="1">1497013216377</td><td rowspan="1">0</td></tr><tr class="skippedeven"><td><a href="#m23">testBackup</a></td><td rowspan="1">1497013216444</td><td rowspan="1">0</td></tr><tr class="skippedeven"><td><a href="#m24">testCheckPoint</a></td><td rowspan="1">1497013216441</td><td rowspan="1">0</td></tr><tr class="skippedeven"><td><a href="#m25">testDatabaseRemove</a></td><td rowspan="1">1497013216447</td><td rowspan="1">0</td></tr><tr class="skippedeven"><td><a href="#m26">testFilters</a></td><td rowspan="1">1497013216388</td><td rowspan="1">0</td></tr><tr class="skippedeven"><td><a href="#m27">testFirstAdd</a></td><td rowspan="1">1497013216347</td><td rowspan="1">0</td></tr><tr class="skippedeven"><td><a href="#m28">testIsPointed</a></td><td rowspan="1">1497013216417</td><td rowspan="1">0</td></tr><tr class="skippedeven"><td><a href="#m29">testRemoveFilters</a></td><td rowspan="1">1497013216393</td><td rowspan="1">0</td></tr><tr class="skippedeven"><td><a href="#m30">testThreadSafe</a></td><td rowspan="1">1497013216438</td><td rowspan="1">0</td></tr><tr><th colspan="4">Default test &#8212; passed</th></tr><tr class="passedeven"><td rowspan="3">com.distrimind.ood.tests.HSQLDBTestDatabase</td><td><a href="#m31">checkUnloadedDatabase</a></td><td rowspan="1">1497013213885</td><td rowspan="1">1028</td></tr><tr class="passedeven"><td><a href="#m32">firstLoad</a></td><td rowspan="1">1497013214925</td><td rowspan="1">638</td></tr><tr class="passedeven"><td><a href="#m33">isLoadedIntoMemory</a></td><td rowspan="1">1497013215624</td><td rowspan="1">5</td></tr></tbody></table><h2>Default test</h2><h3 id="m0">com.distrimind.ood.tests.HSQLDBTestDatabase#firstAdd</h3><table class="result"><tr><th>Exception</th></tr><tr><td><div class="stacktrace">com.distrimind.ood.database.exceptions.DatabaseException: Unexpected exception
	at com.distrimind.ood.database.exceptions.DatabaseException.getDatabaseException(DatabaseException.java:85)
	at com.distrimind.ood.database.fieldaccessors.SerializableFieldAccessor.getValue(SerializableFieldAccessor.java:270)
	at com.distrimind.ood.database.fieldaccessors.CalendarFieldAccessor.serializeObject(CalendarFieldAccessor.java:74)
	at com.distrimind.ood.database.fieldaccessors.SerializableFieldAccessor.getValue(SerializableFieldAccessor.java:297)
	at com.distrimind.ood.database.fieldaccessors.SerializableFieldAccessor.getValue(SerializableFieldAccessor.java:279)
	at com.distrimind.ood.database.Table$35$1TransactionTmp.run(Table.java:6420)
	at com.distrimind.ood.database.DatabaseWrapper.runTransaction(DatabaseWrapper.java:1601)
	at com.distrimind.ood.database.Table$35.run(Table.java:6473)
	at com.distrimind.ood.database.DatabaseWrapper.runTransaction(DatabaseWrapper.java:1520)
	at com.distrimind.ood.database.Table.addRecord(Table.java:6172)
	at com.distrimind.ood.database.Table.addRecord(Table.java:6166)
	at com.distrimind.ood.database.Table.addRecord(Table.java:6083)
	at com.distrimind.ood.tests.TestDatabase.firstAdd(TestDatabase.java:403)
	at sun.reflect.NativeMethodAccessorImpl.invoke0(Native Method)
	at sun.reflect.NativeMethodAccessorImpl.invoke(NativeMethodAccessorImpl.java:57)
	at sun.reflect.DelegatingMethodAccessorImpl.invoke(DelegatingMethodAccessorImpl.java:43)
	at java.lang.reflect.Method.invoke(Method.java:606)
	at org.testng.internal.MethodInvocationHelper.invokeMethod(MethodInvocationHelper.java:104)
	at org.testng.internal.Invoker.invokeMethod(Invoker.java:645)
	at org.testng.internal.Invoker.invokeTestMethod(Invoker.java:851)
	at org.testng.internal.Invoker.invokeTestMethods(Invoker.java:1177)
	at org.testng.internal.TestMethodWorker.invokeTestMethods(TestMethodWorker.java:129)
	at org.testng.internal.TestMethodWorker.run(TestMethodWorker.java:112)
	at org.testng.TestRunner.privateRun(TestRunner.java:756)
	at org.testng.TestRunner.run(TestRunner.java:610)
	at org.testng.SuiteRunner.runTest(SuiteRunner.java:387)
	at org.testng.SuiteRunner.runSequentially(SuiteRunner.java:382)
	at org.testng.SuiteRunner.privateRun(SuiteRunner.java:340)
	at org.testng.SuiteRunner.run(SuiteRunner.java:289)
	at org.testng.SuiteRunnerWorker.runSuite(SuiteRunnerWorker.java:52)
	at org.testng.SuiteRunnerWorker.run(SuiteRunnerWorker.java:86)
	at org.testng.TestNG.runSuitesSequentially(TestNG.java:1293)
	at org.testng.TestNG.runSuitesLocally(TestNG.java:1218)
	at org.testng.TestNG.runSuites(TestNG.java:1133)
	at org.testng.TestNG.run(TestNG.java:1104)
	at org.testng.remote.AbstractRemoteTestNG.run(AbstractRemoteTestNG.java:132)
	at org.testng.remote.RemoteTestNG.initAndRun(RemoteTestNG.java:236)
	at org.testng.remote.RemoteTestNG.main(RemoteTestNG.java:81)
Caused by: java.lang.IllegalArgumentException: Can not set java.util.Calendar field com.distrimind.ood.tests.database.Table1$Record.CalendarValue to java.util.GregorianCalendar
	at sun.reflect.UnsafeFieldAccessorImpl.throwSetIllegalArgumentException(UnsafeFieldAccessorImpl.java:164)
	at sun.reflect.UnsafeFieldAccessorImpl.throwSetIllegalArgumentException(UnsafeFieldAccessorImpl.java:168)
	at sun.reflect.UnsafeFieldAccessorImpl.ensureObj(UnsafeFieldAccessorImpl.java:55)
	at sun.reflect.UnsafeObjectFieldAccessorImpl.get(UnsafeObjectFieldAccessorImpl.java:36)
	at java.lang.reflect.Field.get(Field.java:379)
	at com.distrimind.ood.database.fieldaccessors.SerializableFieldAccessor.getValue(SerializableFieldAccessor.java:265)
	... 36 more
</div></td></tr></table><p class="totop"><a href="#summary">back to summary</a></p><h3 id="m1">com.distrimind.ood.tests.HSQLDBTestDatabase#testCommandTranslatorInterpreter</h3><table class="result"><tr class="param"><th>Parameter #1</th><th>Parameter #2</th><th>Parameter #3</th><th>Parameter #4</th><th>Parameter #5</th></tr><tr class="param stripe"><td>Database Table COM_DISTRIMIND_OOD_TESTS_DATABASE_TABLE1</td><td>FloatNumber_value=%FloatNumber_value AND double_value=%double_value AND DoubleNumber_value=%DoubleNumber_value AND short_value=%short_value AND boolean_value=%boolean_value AND ByteNumber_value=%ByteNumber_value AND LongNumber_value=%LongNumber_value AND IntegerNumber_value=%IntegerNumber_value AND int_value=%int_value AND byte_array_value=%byte_array_value AND DateValue=%DateValue AND byte_value=%byte_value AND long_value=%long_value AND BigInteger_value=%BigInteger_value AND float_value=%float_value AND BigDecimal_value=%BigDecimal_value AND ShortNumber_value=%ShortNumber_value AND char_value=%char_value AND CharacterNumber_value=%CharacterNumber_value AND BooleanNumber_value=%BooleanNumber_value AND CalendarValue=%CalendarValue AND pk5=%pk5 AND pk6=%pk6 AND string_value=%string_value AND pk7=%pk7</td><td>{FloatNumber_value=1.0, DoubleNumber_value=1.0, double_value=1.0, boolean_value=true, short_value=1, ByteNumber_value=1, LongNumber_value=1, IntegerNumber_value=1, byte_array_value=[B@50432755, int_value=1, DateValue=Fri Jun 09 14:00:13 GMT+01:00 2017, byte_value=1, BigInteger_value=3, long_value=1, float_value=1.0, BigDecimal_value=4, ShortNumber_value=1, char_value=a, BooleanNumber_value=true, CharacterNumber_value=a, pk5=SecuredDecentralizedID[-7791399652802226959;5472717623773860333;5828176443844260036;4451577111291373600], CalendarValue=java.util.GregorianCalendar[time=2387640763646,areFieldsSet=true,areAllFieldsSet=false,lenient=true,zone=sun.util.calendar.ZoneInfo[id=&quot;GMT+01:00&quot;,offset=3600000,dstSavings=0,useDaylight=false,transitions=0,lastRule=null],firstDayOfWeek=1,minimalDaysInFirstWeek=1,ERA=1,YEAR=2045,MONTH=7,WEEK_OF_YEAR=35,WEEK_OF_MONTH=5,DAY_OF_MONTH=29,DAY_OF_YEAR=241,DAY_OF_WEEK=3,DAY_OF_WEEK_IN_MONTH=5,AM_PM=1,HOUR=6,HOUR_OF_DAY=18,MINUTE=32,SECOND=43,MILLISECOND=646,ZONE_OFFSET=3600000,DST_OFFSET=0], pk6=DecentralizedID[1497013215646;229658789101245;4], pk7=RenforcedDecentralizedID[1497013215646;229658789101245;6], string_value=string}</td><td>(COM_DISTRIMIND_OOD_TESTS_DATABASE_TABLE1.FloatNumber_value=?) AND (COM_DISTRIMIND_OOD_TESTS_DATABASE_TABLE1.double_value=?) AND (COM_DISTRIMIND_OOD_TESTS_DATABASE_TABLE1.DoubleNumber_value=?) AND (COM_DISTRIMIND_OOD_TESTS_DATABASE_TABLE1.short_value=?) AND (COM_DISTRIMIND_OOD_TESTS_DATABASE_TABLE1.boolean_value=?) AND (COM_DISTRIMIND_OOD_TESTS_DATABASE_TABLE1.ByteNumber_value=?) AND (COM_DISTRIMIND_OOD_TESTS_DATABASE_TABLE1.LongNumber_value=?) AND (COM_DISTRIMIND_OOD_TESTS_DATABASE_TABLE1.IntegerNumber_value=?) AND (COM_DISTRIMIND_OOD_TESTS_DATABASE_TABLE1.int_value=?) AND (COM_DISTRIMIND_OOD_TESTS_DATABASE_TABLE1.byte_array_value=?) AND (COM_DISTRIMIND_OOD_TESTS_DATABASE_TABLE1.DateValue=?) AND (COM_DISTRIMIND_OOD_TESTS_DATABASE_TABLE1.byte_value=?) AND (COM_DISTRIMIND_OOD_TESTS_DATABASE_TABLE1.long_value=?) AND (COM_DISTRIMIND_OOD_TESTS_DATABASE_TABLE1.BigInteger_value=?) AND (COM_DISTRIMIND_OOD_TESTS_DATABASE_TABLE1.float_value=?) AND (COM_DISTRIMIND_OOD_TESTS_DATABASE_TABLE1.BigDecimal_value=?) AND (COM_DISTRIMIND_OOD_TESTS_DATABASE_TABLE1.ShortNumber_value=?) AND (COM_DISTRIMIND_OOD_TESTS_DATABASE_TABLE1.char_value=?) AND (COM_DISTRIMIND_OOD_TESTS_DATABASE_TABLE1.CharacterNumber_value=?) AND (COM_DISTRIMIND_OOD_TESTS_DATABASE_TABLE1.BooleanNumber_value=?) AND (COM_DISTRIMIND_OOD_TESTS_DATABASE_TABLE1.CalendarValue=?) AND (COM_DISTRIMIND_OOD_TESTS_DATABASE_TABLE1.pk5=?) AND (COM_DISTRIMIND_OOD_TESTS_DATABASE_TABLE1.pk6_ts=? AND COM_DISTRIMIND_OOD_TESTS_DATABASE_TABLE1.pk6_widseq=?) AND (COM_DISTRIMIND_OOD_TESTS_DATABASE_TABLE1.string_value=?) AND (COM_DISTRIMIND_OOD_TESTS_DATABASE_TABLE1.pk7_ts=? AND COM_DISTRIMIND_OOD_TESTS_DATABASE_TABLE1.pk7_widseq=?)</td><td>{1=1.0, 2=1.0, 3=1.0, 4=1, 5=true, 6=1, 7=1, 8=1, 9=1, 10=[B@50432755, 11=2017-06-09 14:00:13.493, 12=1, 13=1, 14=3, 15=1.0, 17=1, 16=4, 19=a, 18=a, 21=java.io.ByteArrayInputStream@68cb669d, 20=true, 23=1497013215646, 22=[B@1be032b, 25=string, 24=1355558695943869, 27=1918508649365181, 26=1497013215646}</td></tr><tr><th colspan="5">Exception</th></tr><tr><td colspan="5"><div class="stacktrace">java.lang.AssertionError: Maps do not match for key:11 actual:Fri Jun 09 14:00:13 GMT+01:00 2017 expected:2017-06-09 14:00:13.493 expected [2017-06-09 14:00:13.493] but found [Fri Jun 09 14:00:13 GMT+01:00 2017]
	at org.testng.Assert.fail(Assert.java:94)
	at org.testng.Assert.failNotEquals(Assert.java:513)
	at org.testng.Assert.assertEqualsImpl(Assert.java:135)
	at org.testng.Assert.assertEquals(Assert.java:812)
	at com.distrimind.ood.tests.TestDatabase.testCommandTranslatorInterpreter(TestDatabase.java:3290)
	at sun.reflect.NativeMethodAccessorImpl.invoke0(Native Method)
	at sun.reflect.NativeMethodAccessorImpl.invoke(NativeMethodAccessorImpl.java:57)
	at sun.reflect.DelegatingMethodAccessorImpl.invoke(DelegatingMethodAccessorImpl.java:43)
	at java.lang.reflect.Method.invoke(Method.java:606)
	at org.testng.internal.MethodInvocationHelper.invokeMethod(MethodInvocationHelper.java:104)
	at org.testng.internal.Invoker.invokeMethod(Invoker.java:645)
	at org.testng.internal.Invoker.invokeTestMethod(Invoker.java:851)
	at org.testng.internal.Invoker.invokeTestMethods(Invoker.java:1177)
	at org.testng.internal.TestMethodWorker.invokeTestMethods(TestMethodWorker.java:129)
	at org.testng.internal.TestMethodWorker.run(TestMethodWorker.java:112)
	at org.testng.TestRunner.privateRun(TestRunner.java:756)
	at org.testng.TestRunner.run(TestRunner.java:610)
	at org.testng.SuiteRunner.runTest(SuiteRunner.java:387)
	at org.testng.SuiteRunner.runSequentially(SuiteRunner.java:382)
	at org.testng.SuiteRunner.privateRun(SuiteRunner.java:340)
	at org.testng.SuiteRunner.run(SuiteRunner.java:289)
	at org.testng.SuiteRunnerWorker.runSuite(SuiteRunnerWorker.java:52)
	at org.testng.SuiteRunnerWorker.run(SuiteRunnerWorker.java:86)
	at org.testng.TestNG.runSuitesSequentially(TestNG.java:1293)
	at org.testng.TestNG.runSuitesLocally(TestNG.java:1218)
	at org.testng.TestNG.runSuites(TestNG.java:1133)
	at org.testng.TestNG.run(TestNG.java:1104)
	at org.testng.remote.AbstractRemoteTestNG.run(AbstractRemoteTestNG.java:132)
	at org.testng.remote.RemoteTestNG.initAndRun(RemoteTestNG.java:236)
	at org.testng.remote.RemoteTestNG.main(RemoteTestNG.java:81)
</div></td></tr></table><p class="totop"><a href="#summary">back to summary</a></p><h3 id="m2">com.distrimind.ood.tests.HSQLDBTestDatabase#testCommandTranslatorInterpreter</h3><table class="result"><tr class="param"><th>Parameter #1</th><th>Parameter #2</th><th>Parameter #3</th><th>Parameter #4</th><th>Parameter #5</th></tr><tr class="param stripe"><td>Database Table COM_DISTRIMIND_OOD_TESTS_DATABASE_TABLE1</td><td>FloatNumber_value&lt;&gt;%FloatNumber_value AND double_value&lt;&gt;%double_value AND DoubleNumber_value&lt;&gt;%DoubleNumber_value AND short_value&lt;&gt;%short_value AND boolean_value&lt;&gt;%boolean_value AND ByteNumber_value&lt;&gt;%ByteNumber_value AND LongNumber_value&lt;&gt;%LongNumber_value AND IntegerNumber_value&lt;&gt;%IntegerNumber_value AND int_value&lt;&gt;%int_value AND byte_array_value&lt;&gt;%byte_array_value AND DateValue&lt;&gt;%DateValue AND byte_value&lt;&gt;%byte_value AND long_value&lt;&gt;%long_value AND BigInteger_value&lt;&gt;%BigInteger_value AND float_value&lt;&gt;%float_value AND BigDecimal_value&lt;&gt;%BigDecimal_value AND ShortNumber_value&lt;&gt;%ShortNumber_value AND char_value&lt;&gt;%char_value AND CharacterNumber_value&lt;&gt;%CharacterNumber_value AND BooleanNumber_value&lt;&gt;%BooleanNumber_value AND CalendarValue&lt;&gt;%CalendarValue AND pk5&lt;&gt;%pk5 AND pk6&lt;&gt;%pk6 AND string_value&lt;&gt;%string_value AND pk7&lt;&gt;%pk7</td><td>{FloatNumber_value=1.0, DoubleNumber_value=1.0, double_value=1.0, boolean_value=true, short_value=1, ByteNumber_value=1, LongNumber_value=1, IntegerNumber_value=1, byte_array_value=[B@50432755, int_value=1, DateValue=Fri Jun 09 14:00:13 GMT+01:00 2017, byte_value=1, BigInteger_value=3, long_value=1, float_value=1.0, BigDecimal_value=4, ShortNumber_value=1, char_value=a, BooleanNumber_value=true, CharacterNumber_value=a, pk5=SecuredDecentralizedID[-7791399652802226959;5472717623773860333;5828176443844260036;4451577111291373600], CalendarValue=java.util.GregorianCalendar[time=2387640763646,areFieldsSet=true,areAllFieldsSet=false,lenient=true,zone=sun.util.calendar.ZoneInfo[id=&quot;GMT+01:00&quot;,offset=3600000,dstSavings=0,useDaylight=false,transitions=0,lastRule=null],firstDayOfWeek=1,minimalDaysInFirstWeek=1,ERA=1,YEAR=2045,MONTH=7,WEEK_OF_YEAR=35,WEEK_OF_MONTH=5,DAY_OF_MONTH=29,DAY_OF_YEAR=241,DAY_OF_WEEK=3,DAY_OF_WEEK_IN_MONTH=5,AM_PM=1,HOUR=6,HOUR_OF_DAY=18,MINUTE=32,SECOND=43,MILLISECOND=646,ZONE_OFFSET=3600000,DST_OFFSET=0], pk6=DecentralizedID[1497013215646;229658789101245;4], pk7=RenforcedDecentralizedID[1497013215646;229658789101245;6], string_value=string}</td><td>(COM_DISTRIMIND_OOD_TESTS_DATABASE_TABLE1.FloatNumber_value&lt;&gt;?) AND (COM_DISTRIMIND_OOD_TESTS_DATABASE_TABLE1.double_value&lt;&gt;?) AND (COM_DISTRIMIND_OOD_TESTS_DATABASE_TABLE1.DoubleNumber_value&lt;&gt;?) AND (COM_DISTRIMIND_OOD_TESTS_DATABASE_TABLE1.short_value&lt;&gt;?) AND (COM_DISTRIMIND_OOD_TESTS_DATABASE_TABLE1.boolean_value&lt;&gt;?) AND (COM_DISTRIMIND_OOD_TESTS_DATABASE_TABLE1.ByteNumber_value&lt;&gt;?) AND (COM_DISTRIMIND_OOD_TESTS_DATABASE_TABLE1.LongNumber_value&lt;&gt;?) AND (COM_DISTRIMIND_OOD_TESTS_DATABASE_TABLE1.IntegerNumber_value&lt;&gt;?) AND (COM_DISTRIMIND_OOD_TESTS_DATABASE_TABLE1.int_value&lt;&gt;?) AND (COM_DISTRIMIND_OOD_TESTS_DATABASE_TABLE1.byte_array_value&lt;&gt;?) AND (COM_DISTRIMIND_OOD_TESTS_DATABASE_TABLE1.DateValue&lt;&gt;?) AND (COM_DISTRIMIND_OOD_TESTS_DATABASE_TABLE1.byte_value&lt;&gt;?) AND (COM_DISTRIMIND_OOD_TESTS_DATABASE_TABLE1.long_value&lt;&gt;?) AND (COM_DISTRIMIND_OOD_TESTS_DATABASE_TABLE1.BigInteger_value&lt;&gt;?) AND (COM_DISTRIMIND_OOD_TESTS_DATABASE_TABLE1.float_value&lt;&gt;?) AND (COM_DISTRIMIND_OOD_TESTS_DATABASE_TABLE1.BigDecimal_value&lt;&gt;?) AND (COM_DISTRIMIND_OOD_TESTS_DATABASE_TABLE1.ShortNumber_value&lt;&gt;?) AND (COM_DISTRIMIND_OOD_TESTS_DATABASE_TABLE1.char_value&lt;&gt;?) AND (COM_DISTRIMIND_OOD_TESTS_DATABASE_TABLE1.CharacterNumber_value&lt;&gt;?) AND (COM_DISTRIMIND_OOD_TESTS_DATABASE_TABLE1.BooleanNumber_value&lt;&gt;?) AND (COM_DISTRIMIND_OOD_TESTS_DATABASE_TABLE1.CalendarValue&lt;&gt;?) AND (COM_DISTRIMIND_OOD_TESTS_DATABASE_TABLE1.pk5&lt;&gt;?) AND (COM_DISTRIMIND_OOD_TESTS_DATABASE_TABLE1.pk6_ts&lt;&gt;? AND COM_DISTRIMIND_OOD_TESTS_DATABASE_TABLE1.pk6_widseq&lt;&gt;?) AND (COM_DISTRIMIND_OOD_TESTS_DATABASE_TABLE1.string_value&lt;&gt;?) AND (COM_DISTRIMIND_OOD_TESTS_DATABASE_TABLE1.pk7_ts&lt;&gt;? AND COM_DISTRIMIND_OOD_TESTS_DATABASE_TABLE1.pk7_widseq&lt;&gt;?)</td><td>{1=1.0, 2=1.0, 3=1.0, 4=1, 5=true, 6=1, 7=1, 8=1, 9=1, 10=[B@50432755, 11=2017-06-09 14:00:13.493, 12=1, 13=1, 14=3, 15=1.0, 17=1, 16=4, 19=a, 18=a, 21=java.io.ByteArrayInputStream@545e2452, 20=true, 23=1497013215646, 22=[B@70a2aec3, 25=string, 24=1355558695943869, 27=1918508649365181, 26=1497013215646}</td></tr><tr><th colspan="5">Exception</th></tr><tr><td colspan="5"><div class="stacktrace">com.distrimind.ood.database.exceptions.QueryInterpretationImpossible: The next querry can interpreted with several rules : FloatNumber_value&lt;&gt;%FloatNumber_value AND double_value&lt;&gt;%double_value AND DoubleNumber_value&lt;&gt;%DoubleNumber_value AND short_value&lt;&gt;%short_value AND boolean_value&lt;&gt;%boolean_value AND ByteNumber_value&lt;&gt;%ByteNumber_value AND LongNumber_value&lt;&gt;%LongNumber_value AND IntegerNumber_value&lt;&gt;%IntegerNumber_value AND int_value&lt;&gt;%int_value AND byte_array_value&lt;&gt;%byte_array_value AND DateValue&lt;&gt;%DateValue AND byte_value&lt;&gt;%byte_value AND long_value&lt;&gt;%long_value AND BigInteger_value&lt;&gt;%BigInteger_value AND float_value&lt;&gt;%float_value AND BigDecimal_value&lt;&gt;%BigDecimal_value AND ShortNumber_value&lt;&gt;%ShortNumber_value AND char_value&lt;&gt;%char_value AND CharacterNumber_value&lt;&gt;%CharacterNumber_value AND BooleanNumber_value&lt;&gt;%BooleanNumber_value AND CalendarValue&lt;&gt;%CalendarValue AND pk5&lt;&gt;%pk5 AND pk6&lt;&gt;%pk6 AND string_value&lt;&gt;%string_value AND pk7&lt;&gt;%pk7
	at com.distrimind.ood.interpreter.Interpreter.getNewQueryParts(Interpreter.java:174)
	at com.distrimind.ood.interpreter.Interpreter.getQuery(Interpreter.java:130)
	at com.distrimind.ood.interpreter.Interpreter.getRuleInstance(Interpreter.java:69)
	at com.distrimind.ood.tests.TestDatabase.testCommandTranslatorInterpreter(TestDatabase.java:3288)
	at sun.reflect.NativeMethodAccessorImpl.invoke0(Native Method)
	at sun.reflect.NativeMethodAccessorImpl.invoke(NativeMethodAccessorImpl.java:57)
	at sun.reflect.DelegatingMethodAccessorImpl.invoke(DelegatingMethodAccessorImpl.java:43)
	at java.lang.reflect.Method.invoke(Method.java:606)
	at org.testng.internal.MethodInvocationHelper.invokeMethod(MethodInvocationHelper.java:104)
	at org.testng.internal.Invoker.invokeMethod(Invoker.java:645)
	at org.testng.internal.Invoker.invokeTestMethod(Invoker.java:851)
	at org.testng.internal.Invoker.invokeTestMethods(Invoker.java:1177)
	at org.testng.internal.TestMethodWorker.invokeTestMethods(TestMethodWorker.java:129)
	at org.testng.internal.TestMethodWorker.run(TestMethodWorker.java:112)
	at org.testng.TestRunner.privateRun(TestRunner.java:756)
	at org.testng.TestRunner.run(TestRunner.java:610)
	at org.testng.SuiteRunner.runTest(SuiteRunner.java:387)
	at org.testng.SuiteRunner.runSequentially(SuiteRunner.java:382)
	at org.testng.SuiteRunner.privateRun(SuiteRunner.java:340)
	at org.testng.SuiteRunner.run(SuiteRunner.java:289)
	at org.testng.SuiteRunnerWorker.runSuite(SuiteRunnerWorker.java:52)
	at org.testng.SuiteRunnerWorker.run(SuiteRunnerWorker.java:86)
	at org.testng.TestNG.runSuitesSequentially(TestNG.java:1293)
	at org.testng.TestNG.runSuitesLocally(TestNG.java:1218)
	at org.testng.TestNG.runSuites(TestNG.java:1133)
	at org.testng.TestNG.run(TestNG.java:1104)
	at org.testng.remote.AbstractRemoteTestNG.run(AbstractRemoteTestNG.java:132)
	at org.testng.remote.RemoteTestNG.initAndRun(RemoteTestNG.java:236)
	at org.testng.remote.RemoteTestNG.main(RemoteTestNG.java:81)
</div></td></tr></table><p class="totop"><a href="#summary">back to summary</a></p><h3 id="m3">com.distrimind.ood.tests.HSQLDBTestDatabase#testCommandTranslatorInterpreter</h3><table class="result"><tr class="param"><th>Parameter #1</th><th>Parameter #2</th><th>Parameter #3</th><th>Parameter #4</th><th>Parameter #5</th></tr><tr class="param stripe"><td>Database Table COM_DISTRIMIND_OOD_TESTS_DATABASE_TABLE1</td><td>FloatNumber_value&lt;&gt;%FloatNumber_value OR double_value&lt;&gt;%double_value OR DoubleNumber_value&lt;&gt;%DoubleNumber_value OR short_value&lt;&gt;%short_value OR boolean_value&lt;&gt;%boolean_value OR ByteNumber_value&lt;&gt;%ByteNumber_value OR LongNumber_value&lt;&gt;%LongNumber_value OR IntegerNumber_value&lt;&gt;%IntegerNumber_value OR int_value&lt;&gt;%int_value OR byte_array_value&lt;&gt;%byte_array_value OR DateValue&lt;&gt;%DateValue OR byte_value&lt;&gt;%byte_value OR long_value&lt;&gt;%long_value OR BigInteger_value&lt;&gt;%BigInteger_value OR float_value&lt;&gt;%float_value OR BigDecimal_value&lt;&gt;%BigDecimal_value OR ShortNumber_value&lt;&gt;%ShortNumber_value OR char_value&lt;&gt;%char_value OR CharacterNumber_value&lt;&gt;%CharacterNumber_value OR BooleanNumber_value&lt;&gt;%BooleanNumber_value OR CalendarValue&lt;&gt;%CalendarValue OR pk5&lt;&gt;%pk5 OR pk6&lt;&gt;%pk6 OR string_value&lt;&gt;%string_value OR pk7&lt;&gt;%pk7</td><td>{FloatNumber_value=1.0, DoubleNumber_value=1.0, double_value=1.0, boolean_value=true, short_value=1, ByteNumber_value=1, LongNumber_value=1, IntegerNumber_value=1, byte_array_value=[B@50432755, int_value=1, DateValue=Fri Jun 09 14:00:13 GMT+01:00 2017, byte_value=1, BigInteger_value=3, long_value=1, float_value=1.0, BigDecimal_value=4, ShortNumber_value=1, char_value=a, BooleanNumber_value=true, CharacterNumber_value=a, pk5=SecuredDecentralizedID[-7791399652802226959;5472717623773860333;5828176443844260036;4451577111291373600], CalendarValue=java.util.GregorianCalendar[time=2387640763646,areFieldsSet=true,areAllFieldsSet=false,lenient=true,zone=sun.util.calendar.ZoneInfo[id=&quot;GMT+01:00&quot;,offset=3600000,dstSavings=0,useDaylight=false,transitions=0,lastRule=null],firstDayOfWeek=1,minimalDaysInFirstWeek=1,ERA=1,YEAR=2045,MONTH=7,WEEK_OF_YEAR=35,WEEK_OF_MONTH=5,DAY_OF_MONTH=29,DAY_OF_YEAR=241,DAY_OF_WEEK=3,DAY_OF_WEEK_IN_MONTH=5,AM_PM=1,HOUR=6,HOUR_OF_DAY=18,MINUTE=32,SECOND=43,MILLISECOND=646,ZONE_OFFSET=3600000,DST_OFFSET=0], pk6=DecentralizedID[1497013215646;229658789101245;4], pk7=RenforcedDecentralizedID[1497013215646;229658789101245;6], string_value=string}</td><td>(COM_DISTRIMIND_OOD_TESTS_DATABASE_TABLE1.FloatNumber_value&lt;&gt;?) OR (COM_DISTRIMIND_OOD_TESTS_DATABASE_TABLE1.double_value&lt;&gt;?) OR (COM_DISTRIMIND_OOD_TESTS_DATABASE_TABLE1.DoubleNumber_value&lt;&gt;?) OR (COM_DISTRIMIND_OOD_TESTS_DATABASE_TABLE1.short_value&lt;&gt;?) OR (COM_DISTRIMIND_OOD_TESTS_DATABASE_TABLE1.boolean_value&lt;&gt;?) OR (COM_DISTRIMIND_OOD_TESTS_DATABASE_TABLE1.ByteNumber_value&lt;&gt;?) OR (COM_DISTRIMIND_OOD_TESTS_DATABASE_TABLE1.LongNumber_value&lt;&gt;?) OR (COM_DISTRIMIND_OOD_TESTS_DATABASE_TABLE1.IntegerNumber_value&lt;&gt;?) OR (COM_DISTRIMIND_OOD_TESTS_DATABASE_TABLE1.int_value&lt;&gt;?) OR (COM_DISTRIMIND_OOD_TESTS_DATABASE_TABLE1.byte_array_value&lt;&gt;?) OR (COM_DISTRIMIND_OOD_TESTS_DATABASE_TABLE1.DateValue&lt;&gt;?) OR (COM_DISTRIMIND_OOD_TESTS_DATABASE_TABLE1.byte_value&lt;&gt;?) OR (COM_DISTRIMIND_OOD_TESTS_DATABASE_TABLE1.long_value&lt;&gt;?) OR (COM_DISTRIMIND_OOD_TESTS_DATABASE_TABLE1.BigInteger_value&lt;&gt;?) OR (COM_DISTRIMIND_OOD_TESTS_DATABASE_TABLE1.float_value&lt;&gt;?) OR (COM_DISTRIMIND_OOD_TESTS_DATABASE_TABLE1.BigDecimal_value&lt;&gt;?) OR (COM_DISTRIMIND_OOD_TESTS_DATABASE_TABLE1.ShortNumber_value&lt;&gt;?) OR (COM_DISTRIMIND_OOD_TESTS_DATABASE_TABLE1.char_value&lt;&gt;?) OR (COM_DISTRIMIND_OOD_TESTS_DATABASE_TABLE1.CharacterNumber_value&lt;&gt;?) OR (COM_DISTRIMIND_OOD_TESTS_DATABASE_TABLE1.BooleanNumber_value&lt;&gt;?) OR (COM_DISTRIMIND_OOD_TESTS_DATABASE_TABLE1.CalendarValue&lt;&gt;?) OR (COM_DISTRIMIND_OOD_TESTS_DATABASE_TABLE1.pk5&lt;&gt;?) OR (COM_DISTRIMIND_OOD_TESTS_DATABASE_TABLE1.pk6_ts&lt;&gt;? AND COM_DISTRIMIND_OOD_TESTS_DATABASE_TABLE1.pk6_widseq&lt;&gt;?) OR (COM_DISTRIMIND_OOD_TESTS_DATABASE_TABLE1.string_value&lt;&gt;?) OR (COM_DISTRIMIND_OOD_TESTS_DATABASE_TABLE1.pk7_ts&lt;&gt;? AND COM_DISTRIMIND_OOD_TESTS_DATABASE_TABLE1.pk7_widseq&lt;&gt;?)</td><td>{1=1.0, 2=1.0, 3=1.0, 4=1, 5=true, 6=1, 7=1, 8=1, 9=1, 10=[B@50432755, 11=2017-06-09 14:00:13.493, 12=1, 13=1, 14=3, 15=1.0, 17=1, 16=4, 19=a, 18=a, 21=java.io.ByteArrayInputStream@1c7419bd, 20=true, 23=1497013215646, 22=[B@a45d5e3, 25=string, 24=1355558695943869, 27=1918508649365181, 26=1497013215646}</td></tr><tr><th colspan="5">Exception</th></tr><tr><td colspan="5"><div class="stacktrace">com.distrimind.ood.database.exceptions.QueryInterpretationImpossible: The next querry can interpreted with several rules : FloatNumber_value&lt;&gt;%FloatNumber_value OR double_value&lt;&gt;%double_value OR DoubleNumber_value&lt;&gt;%DoubleNumber_value OR short_value&lt;&gt;%short_value OR boolean_value&lt;&gt;%boolean_value OR ByteNumber_value&lt;&gt;%ByteNumber_value OR LongNumber_value&lt;&gt;%LongNumber_value OR IntegerNumber_value&lt;&gt;%IntegerNumber_value OR int_value&lt;&gt;%int_value OR byte_array_value&lt;&gt;%byte_array_value OR DateValue&lt;&gt;%DateValue OR byte_value&lt;&gt;%byte_value OR long_value&lt;&gt;%long_value OR BigInteger_value&lt;&gt;%BigInteger_value OR float_value&lt;&gt;%float_value OR BigDecimal_value&lt;&gt;%BigDecimal_value OR ShortNumber_value&lt;&gt;%ShortNumber_value OR char_value&lt;&gt;%char_value OR CharacterNumber_value&lt;&gt;%CharacterNumber_value OR BooleanNumber_value&lt;&gt;%BooleanNumber_value OR CalendarValue&lt;&gt;%CalendarValue OR pk5&lt;&gt;%pk5 OR pk6&lt;&gt;%pk6 OR string_value&lt;&gt;%string_value OR pk7&lt;&gt;%pk7
	at com.distrimind.ood.interpreter.Interpreter.getNewQueryParts(Interpreter.java:174)
	at com.distrimind.ood.interpreter.Interpreter.getQuery(Interpreter.java:130)
	at com.distrimind.ood.interpreter.Interpreter.getRuleInstance(Interpreter.java:69)
	at com.distrimind.ood.tests.TestDatabase.testCommandTranslatorInterpreter(TestDatabase.java:3288)
	at sun.reflect.NativeMethodAccessorImpl.invoke0(Native Method)
	at sun.reflect.NativeMethodAccessorImpl.invoke(NativeMethodAccessorImpl.java:57)
	at sun.reflect.DelegatingMethodAccessorImpl.invoke(DelegatingMethodAccessorImpl.java:43)
	at java.lang.reflect.Method.invoke(Method.java:606)
	at org.testng.internal.MethodInvocationHelper.invokeMethod(MethodInvocationHelper.java:104)
	at org.testng.internal.Invoker.invokeMethod(Invoker.java:645)
	at org.testng.internal.Invoker.invokeTestMethod(Invoker.java:851)
	at org.testng.internal.Invoker.invokeTestMethods(Invoker.java:1177)
	at org.testng.internal.TestMethodWorker.invokeTestMethods(TestMethodWorker.java:129)
	at org.testng.internal.TestMethodWorker.run(TestMethodWorker.java:112)
	at org.testng.TestRunner.privateRun(TestRunner.java:756)
	at org.testng.TestRunner.run(TestRunner.java:610)
	at org.testng.SuiteRunner.runTest(SuiteRunner.java:387)
	at org.testng.SuiteRunner.runSequentially(SuiteRunner.java:382)
	at org.testng.SuiteRunner.privateRun(SuiteRunner.java:340)
	at org.testng.SuiteRunner.run(SuiteRunner.java:289)
	at org.testng.SuiteRunnerWorker.runSuite(SuiteRunnerWorker.java:52)
	at org.testng.SuiteRunnerWorker.run(SuiteRunnerWorker.java:86)
	at org.testng.TestNG.runSuitesSequentially(TestNG.java:1293)
	at org.testng.TestNG.runSuitesLocally(TestNG.java:1218)
	at org.testng.TestNG.runSuites(TestNG.java:1133)
	at org.testng.TestNG.run(TestNG.java:1104)
	at org.testng.remote.AbstractRemoteTestNG.run(AbstractRemoteTestNG.java:132)
	at org.testng.remote.RemoteTestNG.initAndRun(RemoteTestNG.java:236)
	at org.testng.remote.RemoteTestNG.main(RemoteTestNG.java:81)
</div></td></tr></table><p class="totop"><a href="#summary">back to summary</a></p><h3 id="m4">com.distrimind.ood.tests.HSQLDBTestDatabase#testCommandTranslatorInterpreter</h3><table class="result"><tr class="param"><th>Parameter #1</th><th>Parameter #2</th><th>Parameter #3</th><th>Parameter #4</th><th>Parameter #5</th></tr><tr class="param stripe"><td>Database Table COM_DISTRIMIND_OOD_TESTS_DATABASE_TABLE1</td><td>FloatNumber_value=%FloatNumber_value OR double_value=%double_value OR DoubleNumber_value=%DoubleNumber_value OR short_value=%short_value OR boolean_value=%boolean_value OR ByteNumber_value=%ByteNumber_value OR LongNumber_value=%LongNumber_value OR IntegerNumber_value=%IntegerNumber_value OR int_value=%int_value OR byte_array_value=%byte_array_value OR DateValue=%DateValue OR byte_value=%byte_value OR long_value=%long_value OR BigInteger_value=%BigInteger_value OR float_value=%float_value OR BigDecimal_value=%BigDecimal_value OR ShortNumber_value=%ShortNumber_value OR char_value=%char_value OR CharacterNumber_value=%CharacterNumber_value OR BooleanNumber_value=%BooleanNumber_value OR CalendarValue=%CalendarValue OR pk5=%pk5 OR pk6=%pk6 OR string_value=%string_value OR pk7=%pk7</td><td>{FloatNumber_value=1.0, DoubleNumber_value=1.0, double_value=1.0, boolean_value=true, short_value=1, ByteNumber_value=1, LongNumber_value=1, IntegerNumber_value=1, byte_array_value=[B@50432755, int_value=1, DateValue=Fri Jun 09 14:00:13 GMT+01:00 2017, byte_value=1, BigInteger_value=3, long_value=1, float_value=1.0, BigDecimal_value=4, ShortNumber_value=1, char_value=a, BooleanNumber_value=true, CharacterNumber_value=a, pk5=SecuredDecentralizedID[-7791399652802226959;5472717623773860333;5828176443844260036;4451577111291373600], CalendarValue=java.util.GregorianCalendar[time=2387640763646,areFieldsSet=true,areAllFieldsSet=false,lenient=true,zone=sun.util.calendar.ZoneInfo[id=&quot;GMT+01:00&quot;,offset=3600000,dstSavings=0,useDaylight=false,transitions=0,lastRule=null],firstDayOfWeek=1,minimalDaysInFirstWeek=1,ERA=1,YEAR=2045,MONTH=7,WEEK_OF_YEAR=35,WEEK_OF_MONTH=5,DAY_OF_MONTH=29,DAY_OF_YEAR=241,DAY_OF_WEEK=3,DAY_OF_WEEK_IN_MONTH=5,AM_PM=1,HOUR=6,HOUR_OF_DAY=18,MINUTE=32,SECOND=43,MILLISECOND=646,ZONE_OFFSET=3600000,DST_OFFSET=0], pk6=DecentralizedID[1497013215646;229658789101245;4], pk7=RenforcedDecentralizedID[1497013215646;229658789101245;6], string_value=string}</td><td>(COM_DISTRIMIND_OOD_TESTS_DATABASE_TABLE1.FloatNumber_value=?) OR (COM_DISTRIMIND_OOD_TESTS_DATABASE_TABLE1.double_value=?) OR (COM_DISTRIMIND_OOD_TESTS_DATABASE_TABLE1.DoubleNumber_value=?) OR (COM_DISTRIMIND_OOD_TESTS_DATABASE_TABLE1.short_value=?) OR (COM_DISTRIMIND_OOD_TESTS_DATABASE_TABLE1.boolean_value=?) OR (COM_DISTRIMIND_OOD_TESTS_DATABASE_TABLE1.ByteNumber_value=?) OR (COM_DISTRIMIND_OOD_TESTS_DATABASE_TABLE1.LongNumber_value=?) OR (COM_DISTRIMIND_OOD_TESTS_DATABASE_TABLE1.IntegerNumber_value=?) OR (COM_DISTRIMIND_OOD_TESTS_DATABASE_TABLE1.int_value=?) OR (COM_DISTRIMIND_OOD_TESTS_DATABASE_TABLE1.byte_array_value=?) OR (COM_DISTRIMIND_OOD_TESTS_DATABASE_TABLE1.DateValue=?) OR (COM_DISTRIMIND_OOD_TESTS_DATABASE_TABLE1.byte_value=?) OR (COM_DISTRIMIND_OOD_TESTS_DATABASE_TABLE1.long_value=?) OR (COM_DISTRIMIND_OOD_TESTS_DATABASE_TABLE1.BigInteger_value=?) OR (COM_DISTRIMIND_OOD_TESTS_DATABASE_TABLE1.float_value=?) OR (COM_DISTRIMIND_OOD_TESTS_DATABASE_TABLE1.BigDecimal_value=?) OR (COM_DISTRIMIND_OOD_TESTS_DATABASE_TABLE1.ShortNumber_value=?) OR (COM_DISTRIMIND_OOD_TESTS_DATABASE_TABLE1.char_value=?) OR (COM_DISTRIMIND_OOD_TESTS_DATABASE_TABLE1.CharacterNumber_value=?) OR (COM_DISTRIMIND_OOD_TESTS_DATABASE_TABLE1.BooleanNumber_value=?) OR (COM_DISTRIMIND_OOD_TESTS_DATABASE_TABLE1.CalendarValue=?) OR (COM_DISTRIMIND_OOD_TESTS_DATABASE_TABLE1.pk5=?) OR (COM_DISTRIMIND_OOD_TESTS_DATABASE_TABLE1.pk6_ts=? AND COM_DISTRIMIND_OOD_TESTS_DATABASE_TABLE1.pk6_widseq=?) OR (COM_DISTRIMIND_OOD_TESTS_DATABASE_TABLE1.string_value=?) OR (COM_DISTRIMIND_OOD_TESTS_DATABASE_TABLE1.pk7_ts=? AND COM_DISTRIMIND_OOD_TESTS_DATABASE_TABLE1.pk7_widseq=?)</td><td>{1=1.0, 2=1.0, 3=1.0, 4=1, 5=true, 6=1, 7=1, 8=1, 9=1, 10=[B@50432755, 11=2017-06-09 14:00:13.493, 12=1, 13=1, 14=3, 15=1.0, 17=1, 16=4, 19=a, 18=a, 21=java.io.ByteArrayInputStream@c69d7ee, 20=true, 23=1497013215646, 22=[B@78df509f, 25=string, 24=1355558695943869, 27=1918508649365181, 26=1497013215646}</td></tr><tr><th colspan="5">Exception</th></tr><tr><td colspan="5"><div class="stacktrace">java.lang.AssertionError: Maps do not match for key:11 actual:Fri Jun 09 14:00:13 GMT+01:00 2017 expected:2017-06-09 14:00:13.493 expected [2017-06-09 14:00:13.493] but found [Fri Jun 09 14:00:13 GMT+01:00 2017]
	at org.testng.Assert.fail(Assert.java:94)
	at org.testng.Assert.failNotEquals(Assert.java:513)
	at org.testng.Assert.assertEqualsImpl(Assert.java:135)
	at org.testng.Assert.assertEquals(Assert.java:812)
	at com.distrimind.ood.tests.TestDatabase.testCommandTranslatorInterpreter(TestDatabase.java:3290)
	at sun.reflect.NativeMethodAccessorImpl.invoke0(Native Method)
	at sun.reflect.NativeMethodAccessorImpl.invoke(NativeMethodAccessorImpl.java:57)
	at sun.reflect.DelegatingMethodAccessorImpl.invoke(DelegatingMethodAccessorImpl.java:43)
	at java.lang.reflect.Method.invoke(Method.java:606)
	at org.testng.internal.MethodInvocationHelper.invokeMethod(MethodInvocationHelper.java:104)
	at org.testng.internal.Invoker.invokeMethod(Invoker.java:645)
	at org.testng.internal.Invoker.invokeTestMethod(Invoker.java:851)
	at org.testng.internal.Invoker.invokeTestMethods(Invoker.java:1177)
	at org.testng.internal.TestMethodWorker.invokeTestMethods(TestMethodWorker.java:129)
	at org.testng.internal.TestMethodWorker.run(TestMethodWorker.java:112)
	at org.testng.TestRunner.privateRun(TestRunner.java:756)
	at org.testng.TestRunner.run(TestRunner.java:610)
	at org.testng.SuiteRunner.runTest(SuiteRunner.java:387)
	at org.testng.SuiteRunner.runSequentially(SuiteRunner.java:382)
	at org.testng.SuiteRunner.privateRun(SuiteRunner.java:340)
	at org.testng.SuiteRunner.run(SuiteRunner.java:289)
	at org.testng.SuiteRunnerWorker.runSuite(SuiteRunnerWorker.java:52)
	at org.testng.SuiteRunnerWorker.run(SuiteRunnerWorker.java:86)
	at org.testng.TestNG.runSuitesSequentially(TestNG.java:1293)
	at org.testng.TestNG.runSuitesLocally(TestNG.java:1218)
	at org.testng.TestNG.runSuites(TestNG.java:1133)
	at org.testng.TestNG.run(TestNG.java:1104)
	at org.testng.remote.AbstractRemoteTestNG.run(AbstractRemoteTestNG.java:132)
	at org.testng.remote.RemoteTestNG.initAndRun(RemoteTestNG.java:236)
	at org.testng.remote.RemoteTestNG.main(RemoteTestNG.java:81)
</div></td></tr></table><p class="totop"><a href="#summary">back to summary</a></p><h3 id="m5">com.distrimind.ood.tests.HSQLDBTestDatabase#addForeignKeyAndTestUniqueKeys</h3><table class="result"><tr><th>Exception</th></tr><tr><td><div class="stacktrace">java.lang.Throwable: Method TestDatabase.addForeignKeyAndTestUniqueKeys()[pri:0, instance:com.distrimind.ood.tests.HSQLDBTestDatabase@5edc2a37] depends on not successfully finished methods
	at org.testng.internal.Invoker.invokeTestMethods(Invoker.java:1068)
	at org.testng.internal.TestMethodWorker.invokeTestMethods(TestMethodWorker.java:129)
	at org.testng.internal.TestMethodWorker.run(TestMethodWorker.java:112)
	at org.testng.TestRunner.privateRun(TestRunner.java:756)
	at org.testng.TestRunner.run(TestRunner.java:610)
	at org.testng.SuiteRunner.runTest(SuiteRunner.java:387)
	at org.testng.SuiteRunner.runSequentially(SuiteRunner.java:382)
	at org.testng.SuiteRunner.privateRun(SuiteRunner.java:340)
	at org.testng.SuiteRunner.run(SuiteRunner.java:289)
	at org.testng.SuiteRunnerWorker.runSuite(SuiteRunnerWorker.java:52)
	at org.testng.SuiteRunnerWorker.run(SuiteRunnerWorker.java:86)
	at org.testng.TestNG.runSuitesSequentially(TestNG.java:1293)
	at org.testng.TestNG.runSuitesLocally(TestNG.java:1218)
	at org.testng.TestNG.runSuites(TestNG.java:1133)
	at org.testng.TestNG.run(TestNG.java:1104)
	at org.testng.remote.AbstractRemoteTestNG.run(AbstractRemoteTestNG.java:132)
	at org.testng.remote.RemoteTestNG.initAndRun(RemoteTestNG.java:236)
	at org.testng.remote.RemoteTestNG.main(RemoteTestNG.java:81)
</div></td></tr></table><p class="totop"><a href="#summary">back to summary</a></p><h3 id="m6">com.distrimind.ood.tests.HSQLDBTestDatabase#addSecondRecord</h3><table class="result"><tr><th>Exception</th></tr><tr><td><div class="stacktrace">java.lang.Throwable: Method TestDatabase.addSecondRecord()[pri:0, instance:com.distrimind.ood.tests.HSQLDBTestDatabase@5edc2a37] depends on not successfully finished methods
	at org.testng.internal.Invoker.invokeTestMethods(Invoker.java:1068)
	at org.testng.internal.TestMethodWorker.invokeTestMethods(TestMethodWorker.java:129)
	at org.testng.internal.TestMethodWorker.run(TestMethodWorker.java:112)
	at org.testng.TestRunner.privateRun(TestRunner.java:756)
	at org.testng.TestRunner.run(TestRunner.java:610)
	at org.testng.SuiteRunner.runTest(SuiteRunner.java:387)
	at org.testng.SuiteRunner.runSequentially(SuiteRunner.java:382)
	at org.testng.SuiteRunner.privateRun(SuiteRunner.java:340)
	at org.testng.SuiteRunner.run(SuiteRunner.java:289)
	at org.testng.SuiteRunnerWorker.runSuite(SuiteRunnerWorker.java:52)
	at org.testng.SuiteRunnerWorker.run(SuiteRunnerWorker.java:86)
	at org.testng.TestNG.runSuitesSequentially(TestNG.java:1293)
	at org.testng.TestNG.runSuitesLocally(TestNG.java:1218)
	at org.testng.TestNG.runSuites(TestNG.java:1133)
	at org.testng.TestNG.run(TestNG.java:1104)
	at org.testng.remote.AbstractRemoteTestNG.run(AbstractRemoteTestNG.java:132)
	at org.testng.remote.RemoteTestNG.initAndRun(RemoteTestNG.java:236)
	at org.testng.remote.RemoteTestNG.main(RemoteTestNG.java:81)
</div></td></tr></table><p class="totop"><a href="#summary">back to summary</a></p><h3 id="m7">com.distrimind.ood.tests.HSQLDBTestDatabase#alterRecord</h3><table class="result"><tr><th>Exception</th></tr><tr><td><div class="stacktrace">java.lang.Throwable: Method TestDatabase.alterRecord()[pri:0, instance:com.distrimind.ood.tests.HSQLDBTestDatabase@5edc2a37] depends on not successfully finished methods
	at org.testng.internal.Invoker.invokeTestMethods(Invoker.java:1068)
	at org.testng.internal.TestMethodWorker.invokeTestMethods(TestMethodWorker.java:129)
	at org.testng.internal.TestMethodWorker.run(TestMethodWorker.java:112)
	at org.testng.TestRunner.privateRun(TestRunner.java:756)
	at org.testng.TestRunner.run(TestRunner.java:610)
	at org.testng.SuiteRunner.runTest(SuiteRunner.java:387)
	at org.testng.SuiteRunner.runSequentially(SuiteRunner.java:382)
	at org.testng.SuiteRunner.privateRun(SuiteRunner.java:340)
	at org.testng.SuiteRunner.run(SuiteRunner.java:289)
	at org.testng.SuiteRunnerWorker.runSuite(SuiteRunnerWorker.java:52)
	at org.testng.SuiteRunnerWorker.run(SuiteRunnerWorker.java:86)
	at org.testng.TestNG.runSuitesSequentially(TestNG.java:1293)
	at org.testng.TestNG.runSuitesLocally(TestNG.java:1218)
	at org.testng.TestNG.runSuites(TestNG.java:1133)
	at org.testng.TestNG.run(TestNG.java:1104)
	at org.testng.remote.AbstractRemoteTestNG.run(AbstractRemoteTestNG.java:132)
	at org.testng.remote.RemoteTestNG.initAndRun(RemoteTestNG.java:236)
	at org.testng.remote.RemoteTestNG.main(RemoteTestNG.java:81)
</div></td></tr></table><p class="totop"><a href="#summary">back to summary</a></p><h3 id="m8">com.distrimind.ood.tests.HSQLDBTestDatabase#alterRecordWithCascade</h3><table class="result"><tr><th>Exception</th></tr><tr><td><div class="stacktrace">java.lang.Throwable: Method TestDatabase.alterRecordWithCascade()[pri:0, instance:com.distrimind.ood.tests.HSQLDBTestDatabase@5edc2a37] depends on not successfully finished methods
	at org.testng.internal.Invoker.invokeTestMethods(Invoker.java:1068)
	at org.testng.internal.TestMethodWorker.invokeTestMethods(TestMethodWorker.java:129)
	at org.testng.internal.TestMethodWorker.run(TestMethodWorker.java:112)
	at org.testng.TestRunner.privateRun(TestRunner.java:756)
	at org.testng.TestRunner.run(TestRunner.java:610)
	at org.testng.SuiteRunner.runTest(SuiteRunner.java:387)
	at org.testng.SuiteRunner.runSequentially(SuiteRunner.java:382)
	at org.testng.SuiteRunner.privateRun(SuiteRunner.java:340)
	at org.testng.SuiteRunner.run(SuiteRunner.java:289)
	at org.testng.SuiteRunnerWorker.runSuite(SuiteRunnerWorker.java:52)
	at org.testng.SuiteRunnerWorker.run(SuiteRunnerWorker.java:86)
	at org.testng.TestNG.runSuitesSequentially(TestNG.java:1293)
	at org.testng.TestNG.runSuitesLocally(TestNG.java:1218)
	at org.testng.TestNG.runSuites(TestNG.java:1133)
	at org.testng.TestNG.run(TestNG.java:1104)
	at org.testng.remote.AbstractRemoteTestNG.run(AbstractRemoteTestNG.java:132)
	at org.testng.remote.RemoteTestNG.initAndRun(RemoteTestNG.java:236)
	at org.testng.remote.RemoteTestNG.main(RemoteTestNG.java:81)
</div></td></tr></table><p class="totop"><a href="#summary">back to summary</a></p><h3 id="m9">com.distrimind.ood.tests.HSQLDBTestDatabase#firstReload</h3><table class="result"><tr><th>Exception</th></tr><tr><td><div class="stacktrace">java.lang.Throwable: Method TestDatabase.firstReload()[pri:0, instance:com.distrimind.ood.tests.HSQLDBTestDatabase@5edc2a37] depends on not successfully finished methods
	at org.testng.internal.Invoker.invokeTestMethods(Invoker.java:1068)
	at org.testng.internal.TestMethodWorker.invokeTestMethods(TestMethodWorker.java:129)
	at org.testng.internal.TestMethodWorker.run(TestMethodWorker.java:112)
	at org.testng.TestRunner.privateRun(TestRunner.java:756)
	at org.testng.TestRunner.run(TestRunner.java:610)
	at org.testng.SuiteRunner.runTest(SuiteRunner.java:387)
	at org.testng.SuiteRunner.runSequentially(SuiteRunner.java:382)
	at org.testng.SuiteRunner.privateRun(SuiteRunner.java:340)
	at org.testng.SuiteRunner.run(SuiteRunner.java:289)
	at org.testng.SuiteRunnerWorker.runSuite(SuiteRunnerWorker.java:52)
	at org.testng.SuiteRunnerWorker.run(SuiteRunnerWorker.java:86)
	at org.testng.TestNG.runSuitesSequentially(TestNG.java:1293)
	at org.testng.TestNG.runSuitesLocally(TestNG.java:1218)
	at org.testng.TestNG.runSuites(TestNG.java:1133)
	at org.testng.TestNG.run(TestNG.java:1104)
	at org.testng.remote.AbstractRemoteTestNG.run(AbstractRemoteTestNG.java:132)
	at org.testng.remote.RemoteTestNG.initAndRun(RemoteTestNG.java:236)
	at org.testng.remote.RemoteTestNG.main(RemoteTestNG.java:81)
</div></td></tr></table><p class="totop"><a href="#summary">back to summary</a></p><h3 id="m10">com.distrimind.ood.tests.HSQLDBTestDatabase#firstTestSize</h3><table class="result"><tr><th>Exception</th></tr><tr><td><div class="stacktrace">java.lang.Throwable: Method TestDatabase.firstTestSize()[pri:0, instance:com.distrimind.ood.tests.HSQLDBTestDatabase@5edc2a37] depends on not successfully finished methods
	at org.testng.internal.Invoker.invokeTestMethods(Invoker.java:1068)
	at org.testng.internal.TestMethodWorker.invokeTestMethods(TestMethodWorker.java:129)
	at org.testng.internal.TestMethodWorker.run(TestMethodWorker.java:112)
	at org.testng.TestRunner.privateRun(TestRunner.java:756)
	at org.testng.TestRunner.run(TestRunner.java:610)
	at org.testng.SuiteRunner.runTest(SuiteRunner.java:387)
	at org.testng.SuiteRunner.runSequentially(SuiteRunner.java:382)
	at org.testng.SuiteRunner.privateRun(SuiteRunner.java:340)
	at org.testng.SuiteRunner.run(SuiteRunner.java:289)
	at org.testng.SuiteRunnerWorker.runSuite(SuiteRunnerWorker.java:52)
	at org.testng.SuiteRunnerWorker.run(SuiteRunnerWorker.java:86)
	at org.testng.TestNG.runSuitesSequentially(TestNG.java:1293)
	at org.testng.TestNG.runSuitesLocally(TestNG.java:1218)
	at org.testng.TestNG.runSuites(TestNG.java:1133)
	at org.testng.TestNG.run(TestNG.java:1104)
	at org.testng.remote.AbstractRemoteTestNG.run(AbstractRemoteTestNG.java:132)
	at org.testng.remote.RemoteTestNG.initAndRun(RemoteTestNG.java:236)
	at org.testng.remote.RemoteTestNG.main(RemoteTestNG.java:81)
</div></td></tr></table><p class="totop"><a href="#summary">back to summary</a></p><h3 id="m11">com.distrimind.ood.tests.HSQLDBTestDatabase#getRecord</h3><table class="result"><tr><th>Exception</th></tr><tr><td><div class="stacktrace">java.lang.Throwable: Method TestDatabase.getRecord()[pri:0, instance:com.distrimind.ood.tests.HSQLDBTestDatabase@5edc2a37] depends on not successfully finished methods
	at org.testng.internal.Invoker.invokeTestMethods(Invoker.java:1068)
	at org.testng.internal.TestMethodWorker.invokeTestMethods(TestMethodWorker.java:129)
	at org.testng.internal.TestMethodWorker.run(TestMethodWorker.java:112)
	at org.testng.TestRunner.privateRun(TestRunner.java:756)
	at org.testng.TestRunner.run(TestRunner.java:610)
	at org.testng.SuiteRunner.runTest(SuiteRunner.java:387)
	at org.testng.SuiteRunner.runSequentially(SuiteRunner.java:382)
	at org.testng.SuiteRunner.privateRun(SuiteRunner.java:340)
	at org.testng.SuiteRunner.run(SuiteRunner.java:289)
	at org.testng.SuiteRunnerWorker.runSuite(SuiteRunnerWorker.java:52)
	at org.testng.SuiteRunnerWorker.run(SuiteRunnerWorker.java:86)
	at org.testng.TestNG.runSuitesSequentially(TestNG.java:1293)
	at org.testng.TestNG.runSuitesLocally(TestNG.java:1218)
	at org.testng.TestNG.runSuites(TestNG.java:1133)
	at org.testng.TestNG.run(TestNG.java:1104)
	at org.testng.remote.AbstractRemoteTestNG.run(AbstractRemoteTestNG.java:132)
	at org.testng.remote.RemoteTestNG.initAndRun(RemoteTestNG.java:236)
	at org.testng.remote.RemoteTestNG.main(RemoteTestNG.java:81)
</div></td></tr></table><p class="totop"><a href="#summary">back to summary</a></p><h3 id="m12">com.distrimind.ood.tests.HSQLDBTestDatabase#getRecordFilter</h3><table class="result"><tr><th>Exception</th></tr><tr><td><div class="stacktrace">java.lang.Throwable: Method TestDatabase.getRecordFilter()[pri:0, instance:com.distrimind.ood.tests.HSQLDBTestDatabase@5edc2a37] depends on not successfully finished methods
	at org.testng.internal.Invoker.invokeTestMethods(Invoker.java:1068)
	at org.testng.internal.TestMethodWorker.invokeTestMethods(TestMethodWorker.java:129)
	at org.testng.internal.TestMethodWorker.run(TestMethodWorker.java:112)
	at org.testng.TestRunner.privateRun(TestRunner.java:756)
	at org.testng.TestRunner.run(TestRunner.java:610)
	at org.testng.SuiteRunner.runTest(SuiteRunner.java:387)
	at org.testng.SuiteRunner.runSequentially(SuiteRunner.java:382)
	at org.testng.SuiteRunner.privateRun(SuiteRunner.java:340)
	at org.testng.SuiteRunner.run(SuiteRunner.java:289)
	at org.testng.SuiteRunnerWorker.runSuite(SuiteRunnerWorker.java:52)
	at org.testng.SuiteRunnerWorker.run(SuiteRunnerWorker.java:86)
	at org.testng.TestNG.runSuitesSequentially(TestNG.java:1293)
	at org.testng.TestNG.runSuitesLocally(TestNG.java:1218)
	at org.testng.TestNG.runSuites(TestNG.java:1133)
	at org.testng.TestNG.run(TestNG.java:1104)
	at org.testng.remote.AbstractRemoteTestNG.run(AbstractRemoteTestNG.java:132)
	at org.testng.remote.RemoteTestNG.initAndRun(RemoteTestNG.java:236)
	at org.testng.remote.RemoteTestNG.main(RemoteTestNG.java:81)
</div></td></tr></table><p class="totop"><a href="#summary">back to summary</a></p><h3 id="m13">com.distrimind.ood.tests.HSQLDBTestDatabase#multipleTests</h3><table class="result"><tr><th>Exception</th></tr><tr><td><div class="stacktrace">java.lang.Throwable: Method TestDatabase.multipleTests()[pri:0, instance:com.distrimind.ood.tests.HSQLDBTestDatabase@5edc2a37] depends on not successfully finished methods
	at org.testng.internal.Invoker.invokeTestMethods(Invoker.java:1068)
	at org.testng.internal.TestMethodWorker.invokeTestMethods(TestMethodWorker.java:129)
	at org.testng.internal.TestMethodWorker.run(TestMethodWorker.java:112)
	at org.testng.TestRunner.privateRun(TestRunner.java:756)
	at org.testng.TestRunner.run(TestRunner.java:610)
	at org.testng.SuiteRunner.runTest(SuiteRunner.java:387)
	at org.testng.SuiteRunner.runSequentially(SuiteRunner.java:382)
	at org.testng.SuiteRunner.privateRun(SuiteRunner.java:340)
	at org.testng.SuiteRunner.run(SuiteRunner.java:289)
	at org.testng.SuiteRunnerWorker.runSuite(SuiteRunnerWorker.java:52)
	at org.testng.SuiteRunnerWorker.run(SuiteRunnerWorker.java:86)
	at org.testng.TestNG.runSuitesSequentially(TestNG.java:1293)
	at org.testng.TestNG.runSuitesLocally(TestNG.java:1218)
	at org.testng.TestNG.runSuites(TestNG.java:1133)
	at org.testng.TestNG.run(TestNG.java:1104)
	at org.testng.remote.AbstractRemoteTestNG.run(AbstractRemoteTestNG.java:132)
	at org.testng.remote.RemoteTestNG.initAndRun(RemoteTestNG.java:236)
	at org.testng.remote.RemoteTestNG.main(RemoteTestNG.java:81)
</div></td></tr></table><p class="totop"><a href="#summary">back to summary</a></p><h3 id="m14">com.distrimind.ood.tests.HSQLDBTestDatabase#prepareMultipleTest</h3><table class="result"><tr><th>Exception</th></tr><tr><td><div class="stacktrace">java.lang.Throwable: Method TestDatabase.prepareMultipleTest()[pri:0, instance:com.distrimind.ood.tests.HSQLDBTestDatabase@5edc2a37] depends on not successfully finished methods
	at org.testng.internal.Invoker.invokeTestMethods(Invoker.java:1068)
	at org.testng.internal.TestMethodWorker.invokeTestMethods(TestMethodWorker.java:129)
	at org.testng.internal.TestMethodWorker.run(TestMethodWorker.java:112)
	at org.testng.TestRunner.privateRun(TestRunner.java:756)
	at org.testng.TestRunner.run(TestRunner.java:610)
	at org.testng.SuiteRunner.runTest(SuiteRunner.java:387)
	at org.testng.SuiteRunner.runSequentially(SuiteRunner.java:382)
	at org.testng.SuiteRunner.privateRun(SuiteRunner.java:340)
	at org.testng.SuiteRunner.run(SuiteRunner.java:289)
	at org.testng.SuiteRunnerWorker.runSuite(SuiteRunnerWorker.java:52)
	at org.testng.SuiteRunnerWorker.run(SuiteRunnerWorker.java:86)
	at org.testng.TestNG.runSuitesSequentially(TestNG.java:1293)
	at org.testng.TestNG.runSuitesLocally(TestNG.java:1218)
	at org.testng.TestNG.runSuites(TestNG.java:1133)
	at org.testng.TestNG.run(TestNG.java:1104)
	at org.testng.remote.AbstractRemoteTestNG.run(AbstractRemoteTestNG.java:132)
	at org.testng.remote.RemoteTestNG.initAndRun(RemoteTestNG.java:236)
	at org.testng.remote.RemoteTestNG.main(RemoteTestNG.java:81)
</div></td></tr></table><p class="totop"><a href="#summary">back to summary</a></p><h3 id="m15">com.distrimind.ood.tests.HSQLDBTestDatabase#removeForeignKeyRecords</h3><table class="result"><tr><th>Exception</th></tr><tr><td><div class="stacktrace">java.lang.Throwable: Method TestDatabase.removeForeignKeyRecords()[pri:0, instance:com.distrimind.ood.tests.HSQLDBTestDatabase@5edc2a37] depends on not successfully finished methods
	at org.testng.internal.Invoker.invokeTestMethods(Invoker.java:1068)
	at org.testng.internal.TestMethodWorker.invokeTestMethods(TestMethodWorker.java:129)
	at org.testng.internal.TestMethodWorker.run(TestMethodWorker.java:112)
	at org.testng.TestRunner.privateRun(TestRunner.java:756)
	at org.testng.TestRunner.run(TestRunner.java:610)
	at org.testng.SuiteRunner.runTest(SuiteRunner.java:387)
	at org.testng.SuiteRunner.runSequentially(SuiteRunner.java:382)
	at org.testng.SuiteRunner.privateRun(SuiteRunner.java:340)
	at org.testng.SuiteRunner.run(SuiteRunner.java:289)
	at org.testng.SuiteRunnerWorker.runSuite(SuiteRunnerWorker.java:52)
	at org.testng.SuiteRunnerWorker.run(SuiteRunnerWorker.java:86)
	at org.testng.TestNG.runSuitesSequentially(TestNG.java:1293)
	at org.testng.TestNG.runSuitesLocally(TestNG.java:1218)
	at org.testng.TestNG.runSuites(TestNG.java:1133)
	at org.testng.TestNG.run(TestNG.java:1104)
	at org.testng.remote.AbstractRemoteTestNG.run(AbstractRemoteTestNG.java:132)
	at org.testng.remote.RemoteTestNG.initAndRun(RemoteTestNG.java:236)
	at org.testng.remote.RemoteTestNG.main(RemoteTestNG.java:81)
</div></td></tr></table><p class="totop"><a href="#summary">back to summary</a></p><h3 id="m16">com.distrimind.ood.tests.HSQLDBTestDatabase#removePointedRecords</h3><table class="result"><tr><th>Exception</th></tr><tr><td><div class="stacktrace">java.lang.Throwable: Method TestDatabase.removePointedRecords()[pri:0, instance:com.distrimind.ood.tests.HSQLDBTestDatabase@5edc2a37] depends on not successfully finished methods
	at org.testng.internal.Invoker.invokeTestMethods(Invoker.java:1068)
	at org.testng.internal.TestMethodWorker.invokeTestMethods(TestMethodWorker.java:129)
	at org.testng.internal.TestMethodWorker.run(TestMethodWorker.java:112)
	at org.testng.TestRunner.privateRun(TestRunner.java:756)
	at org.testng.TestRunner.run(TestRunner.java:610)
	at org.testng.SuiteRunner.runTest(SuiteRunner.java:387)
	at org.testng.SuiteRunner.runSequentially(SuiteRunner.java:382)
	at org.testng.SuiteRunner.privateRun(SuiteRunner.java:340)
	at org.testng.SuiteRunner.run(SuiteRunner.java:289)
	at org.testng.SuiteRunnerWorker.runSuite(SuiteRunnerWorker.java:52)
	at org.testng.SuiteRunnerWorker.run(SuiteRunnerWorker.java:86)
	at org.testng.TestNG.runSuitesSequentially(TestNG.java:1293)
	at org.testng.TestNG.runSuitesLocally(TestNG.java:1218)
	at org.testng.TestNG.runSuites(TestNG.java:1133)
	at org.testng.TestNG.run(TestNG.java:1104)
	at org.testng.remote.AbstractRemoteTestNG.run(AbstractRemoteTestNG.java:132)
	at org.testng.remote.RemoteTestNG.initAndRun(RemoteTestNG.java:236)
	at org.testng.remote.RemoteTestNG.main(RemoteTestNG.java:81)
</div></td></tr></table><p class="totop"><a href="#summary">back to summary</a></p><h3 id="m17">com.distrimind.ood.tests.HSQLDBTestDatabase#removeRecord</h3><table class="result"><tr><th>Exception</th></tr><tr><td><div class="stacktrace">java.lang.Throwable: Method TestDatabase.removeRecord()[pri:0, instance:com.distrimind.ood.tests.HSQLDBTestDatabase@5edc2a37] depends on not successfully finished methods
	at org.testng.internal.Invoker.invokeTestMethods(Invoker.java:1068)
	at org.testng.internal.TestMethodWorker.invokeTestMethods(TestMethodWorker.java:129)
	at org.testng.internal.TestMethodWorker.run(TestMethodWorker.java:112)
	at org.testng.TestRunner.privateRun(TestRunner.java:756)
	at org.testng.TestRunner.run(TestRunner.java:610)
	at org.testng.SuiteRunner.runTest(SuiteRunner.java:387)
	at org.testng.SuiteRunner.runSequentially(SuiteRunner.java:382)
	at org.testng.SuiteRunner.privateRun(SuiteRunner.java:340)
	at org.testng.SuiteRunner.run(SuiteRunner.java:289)
	at org.testng.SuiteRunnerWorker.runSuite(SuiteRunnerWorker.java:52)
	at org.testng.SuiteRunnerWorker.run(SuiteRunnerWorker.java:86)
	at org.testng.TestNG.runSuitesSequentially(TestNG.java:1293)
	at org.testng.TestNG.runSuitesLocally(TestNG.java:1218)
	at org.testng.TestNG.runSuites(TestNG.java:1133)
	at org.testng.TestNG.run(TestNG.java:1104)
	at org.testng.remote.AbstractRemoteTestNG.run(AbstractRemoteTestNG.java:132)
	at org.testng.remote.RemoteTestNG.initAndRun(RemoteTestNG.java:236)
	at org.testng.remote.RemoteTestNG.main(RemoteTestNG.java:81)
</div></td></tr></table><p class="totop"><a href="#summary">back to summary</a></p><h3 id="m18">com.distrimind.ood.tests.HSQLDBTestDatabase#removeRecords</h3><table class="result"><tr><th>Exception</th></tr><tr><td><div class="stacktrace">java.lang.Throwable: Method TestDatabase.removeRecords()[pri:0, instance:com.distrimind.ood.tests.HSQLDBTestDatabase@5edc2a37] depends on not successfully finished methods
	at org.testng.internal.Invoker.invokeTestMethods(Invoker.java:1068)
	at org.testng.internal.TestMethodWorker.invokeTestMethods(TestMethodWorker.java:129)
	at org.testng.internal.TestMethodWorker.run(TestMethodWorker.java:112)
	at org.testng.TestRunner.privateRun(TestRunner.java:756)
	at org.testng.TestRunner.run(TestRunner.java:610)
	at org.testng.SuiteRunner.runTest(SuiteRunner.java:387)
	at org.testng.SuiteRunner.runSequentially(SuiteRunner.java:382)
	at org.testng.SuiteRunner.privateRun(SuiteRunner.java:340)
	at org.testng.SuiteRunner.run(SuiteRunner.java:289)
	at org.testng.SuiteRunnerWorker.runSuite(SuiteRunnerWorker.java:52)
	at org.testng.SuiteRunnerWorker.run(SuiteRunnerWorker.java:86)
	at org.testng.TestNG.runSuitesSequentially(TestNG.java:1293)
	at org.testng.TestNG.runSuitesLocally(TestNG.java:1218)
	at org.testng.TestNG.runSuites(TestNG.java:1133)
	at org.testng.TestNG.run(TestNG.java:1104)
	at org.testng.remote.AbstractRemoteTestNG.run(AbstractRemoteTestNG.java:132)
	at org.testng.remote.RemoteTestNG.initAndRun(RemoteTestNG.java:236)
	at org.testng.remote.RemoteTestNG.main(RemoteTestNG.java:81)
</div></td></tr></table><p class="totop"><a href="#summary">back to summary</a></p><h3 id="m19">com.distrimind.ood.tests.HSQLDBTestDatabase#removeWithCascade</h3><table class="result"><tr><th>Exception</th></tr><tr><td><div class="stacktrace">java.lang.Throwable: Method TestDatabase.removeWithCascade()[pri:0, instance:com.distrimind.ood.tests.HSQLDBTestDatabase@5edc2a37] depends on not successfully finished methods
	at org.testng.internal.Invoker.invokeTestMethods(Invoker.java:1068)
	at org.testng.internal.TestMethodWorker.invokeTestMethods(TestMethodWorker.java:129)
	at org.testng.internal.TestMethodWorker.run(TestMethodWorker.java:112)
	at org.testng.TestRunner.privateRun(TestRunner.java:756)
	at org.testng.TestRunner.run(TestRunner.java:610)
	at org.testng.SuiteRunner.runTest(SuiteRunner.java:387)
	at org.testng.SuiteRunner.runSequentially(SuiteRunner.java:382)
	at org.testng.SuiteRunner.privateRun(SuiteRunner.java:340)
	at org.testng.SuiteRunner.run(SuiteRunner.java:289)
	at org.testng.SuiteRunnerWorker.runSuite(SuiteRunnerWorker.java:52)
	at org.testng.SuiteRunnerWorker.run(SuiteRunnerWorker.java:86)
	at org.testng.TestNG.runSuitesSequentially(TestNG.java:1293)
	at org.testng.TestNG.runSuitesLocally(TestNG.java:1218)
	at org.testng.TestNG.runSuites(TestNG.java:1133)
	at org.testng.TestNG.run(TestNG.java:1104)
	at org.testng.remote.AbstractRemoteTestNG.run(AbstractRemoteTestNG.java:132)
	at org.testng.remote.RemoteTestNG.initAndRun(RemoteTestNG.java:236)
	at org.testng.remote.RemoteTestNG.main(RemoteTestNG.java:81)
</div></td></tr></table><p class="totop"><a href="#summary">back to summary</a></p><h3 id="m20">com.distrimind.ood.tests.HSQLDBTestDatabase#secondTestSize</h3><table class="result"><tr><th>Exception</th></tr><tr><td><div class="stacktrace">java.lang.Throwable: Method TestDatabase.secondTestSize()[pri:0, instance:com.distrimind.ood.tests.HSQLDBTestDatabase@5edc2a37] depends on not successfully finished methods
	at org.testng.internal.Invoker.invokeTestMethods(Invoker.java:1068)
	at org.testng.internal.TestMethodWorker.invokeTestMethods(TestMethodWorker.java:129)
	at org.testng.internal.TestMethodWorker.run(TestMethodWorker.java:112)
	at org.testng.TestRunner.privateRun(TestRunner.java:756)
	at org.testng.TestRunner.run(TestRunner.java:610)
	at org.testng.SuiteRunner.runTest(SuiteRunner.java:387)
	at org.testng.SuiteRunner.runSequentially(SuiteRunner.java:382)
	at org.testng.SuiteRunner.privateRun(SuiteRunner.java:340)
	at org.testng.SuiteRunner.run(SuiteRunner.java:289)
	at org.testng.SuiteRunnerWorker.runSuite(SuiteRunnerWorker.java:52)
	at org.testng.SuiteRunnerWorker.run(SuiteRunnerWorker.java:86)
	at org.testng.TestNG.runSuitesSequentially(TestNG.java:1293)
	at org.testng.TestNG.runSuitesLocally(TestNG.java:1218)
	at org.testng.TestNG.runSuites(TestNG.java:1133)
	at org.testng.TestNG.run(TestNG.java:1104)
	at org.testng.remote.AbstractRemoteTestNG.run(AbstractRemoteTestNG.java:132)
	at org.testng.remote.RemoteTestNG.initAndRun(RemoteTestNG.java:236)
	at org.testng.remote.RemoteTestNG.main(RemoteTestNG.java:81)
</div></td></tr></table><p class="totop"><a href="#summary">back to summary</a></p><h3 id="m21">com.distrimind.ood.tests.HSQLDBTestDatabase#setAutoRandomFields</h3><table class="result"><tr><th>Exception</th></tr><tr><td><div class="stacktrace">java.lang.Throwable: Method TestDatabase.setAutoRandomFields()[pri:0, instance:com.distrimind.ood.tests.HSQLDBTestDatabase@5edc2a37] depends on not successfully finished methods
	at org.testng.internal.Invoker.invokeTestMethods(Invoker.java:1068)
	at org.testng.internal.TestMethodWorker.invokeTestMethods(TestMethodWorker.java:129)
	at org.testng.internal.TestMethodWorker.run(TestMethodWorker.java:112)
	at org.testng.TestRunner.privateRun(TestRunner.java:756)
	at org.testng.TestRunner.run(TestRunner.java:610)
	at org.testng.SuiteRunner.runTest(SuiteRunner.java:387)
	at org.testng.SuiteRunner.runSequentially(SuiteRunner.java:382)
	at org.testng.SuiteRunner.privateRun(SuiteRunner.java:340)
	at org.testng.SuiteRunner.run(SuiteRunner.java:289)
	at org.testng.SuiteRunnerWorker.runSuite(SuiteRunnerWorker.java:52)
	at org.testng.SuiteRunnerWorker.run(SuiteRunnerWorker.java:86)
	at org.testng.TestNG.runSuitesSequentially(TestNG.java:1293)
	at org.testng.TestNG.runSuitesLocally(TestNG.java:1218)
	at org.testng.TestNG.runSuites(TestNG.java:1133)
	at org.testng.TestNG.run(TestNG.java:1104)
	at org.testng.remote.AbstractRemoteTestNG.run(AbstractRemoteTestNG.java:132)
	at org.testng.remote.RemoteTestNG.initAndRun(RemoteTestNG.java:236)
	at org.testng.remote.RemoteTestNG.main(RemoteTestNG.java:81)
</div></td></tr></table><p class="totop"><a href="#summary">back to summary</a></p><h3 id="m22">com.distrimind.ood.tests.HSQLDBTestDatabase#testArrayRecordParameters</h3><table class="result"><tr><th>Exception</th></tr><tr><td><div class="stacktrace">java.lang.Throwable: Method TestDatabase.testArrayRecordParameters()[pri:0, instance:com.distrimind.ood.tests.HSQLDBTestDatabase@5edc2a37] depends on not successfully finished methods
	at org.testng.internal.Invoker.invokeTestMethods(Invoker.java:1068)
	at org.testng.internal.TestMethodWorker.invokeTestMethods(TestMethodWorker.java:129)
	at org.testng.internal.TestMethodWorker.run(TestMethodWorker.java:112)
	at org.testng.TestRunner.privateRun(TestRunner.java:756)
	at org.testng.TestRunner.run(TestRunner.java:610)
	at org.testng.SuiteRunner.runTest(SuiteRunner.java:387)
	at org.testng.SuiteRunner.runSequentially(SuiteRunner.java:382)
	at org.testng.SuiteRunner.privateRun(SuiteRunner.java:340)
	at org.testng.SuiteRunner.run(SuiteRunner.java:289)
	at org.testng.SuiteRunnerWorker.runSuite(SuiteRunnerWorker.java:52)
	at org.testng.SuiteRunnerWorker.run(SuiteRunnerWorker.java:86)
	at org.testng.TestNG.runSuitesSequentially(TestNG.java:1293)
	at org.testng.TestNG.runSuitesLocally(TestNG.java:1218)
	at org.testng.TestNG.runSuites(TestNG.java:1133)
	at org.testng.TestNG.run(TestNG.java:1104)
	at org.testng.remote.AbstractRemoteTestNG.run(AbstractRemoteTestNG.java:132)
	at org.testng.remote.RemoteTestNG.initAndRun(RemoteTestNG.java:236)
	at org.testng.remote.RemoteTestNG.main(RemoteTestNG.java:81)
</div></td></tr></table><p class="totop"><a href="#summary">back to summary</a></p><h3 id="m23">com.distrimind.ood.tests.HSQLDBTestDatabase#testBackup</h3><table class="result"><tr><th>Exception</th></tr><tr><td><div class="stacktrace">java.lang.Throwable: Method TestDatabase.testBackup()[pri:0, instance:com.distrimind.ood.tests.HSQLDBTestDatabase@5edc2a37] depends on not successfully finished methods
	at org.testng.internal.Invoker.invokeTestMethods(Invoker.java:1068)
	at org.testng.internal.TestMethodWorker.invokeTestMethods(TestMethodWorker.java:129)
	at org.testng.internal.TestMethodWorker.run(TestMethodWorker.java:112)
	at org.testng.TestRunner.privateRun(TestRunner.java:756)
	at org.testng.TestRunner.run(TestRunner.java:610)
	at org.testng.SuiteRunner.runTest(SuiteRunner.java:387)
	at org.testng.SuiteRunner.runSequentially(SuiteRunner.java:382)
	at org.testng.SuiteRunner.privateRun(SuiteRunner.java:340)
	at org.testng.SuiteRunner.run(SuiteRunner.java:289)
	at org.testng.SuiteRunnerWorker.runSuite(SuiteRunnerWorker.java:52)
	at org.testng.SuiteRunnerWorker.run(SuiteRunnerWorker.java:86)
	at org.testng.TestNG.runSuitesSequentially(TestNG.java:1293)
	at org.testng.TestNG.runSuitesLocally(TestNG.java:1218)
	at org.testng.TestNG.runSuites(TestNG.java:1133)
	at org.testng.TestNG.run(TestNG.java:1104)
	at org.testng.remote.AbstractRemoteTestNG.run(AbstractRemoteTestNG.java:132)
	at org.testng.remote.RemoteTestNG.initAndRun(RemoteTestNG.java:236)
	at org.testng.remote.RemoteTestNG.main(RemoteTestNG.java:81)
</div></td></tr></table><p class="totop"><a href="#summary">back to summary</a></p><h3 id="m24">com.distrimind.ood.tests.HSQLDBTestDatabase#testCheckPoint</h3><table class="result"><tr><th>Exception</th></tr><tr><td><div class="stacktrace">java.lang.Throwable: Method TestDatabase.testCheckPoint()[pri:0, instance:com.distrimind.ood.tests.HSQLDBTestDatabase@5edc2a37] depends on not successfully finished methods
	at org.testng.internal.Invoker.invokeTestMethods(Invoker.java:1068)
	at org.testng.internal.TestMethodWorker.invokeTestMethods(TestMethodWorker.java:129)
	at org.testng.internal.TestMethodWorker.run(TestMethodWorker.java:112)
	at org.testng.TestRunner.privateRun(TestRunner.java:756)
	at org.testng.TestRunner.run(TestRunner.java:610)
	at org.testng.SuiteRunner.runTest(SuiteRunner.java:387)
	at org.testng.SuiteRunner.runSequentially(SuiteRunner.java:382)
	at org.testng.SuiteRunner.privateRun(SuiteRunner.java:340)
	at org.testng.SuiteRunner.run(SuiteRunner.java:289)
	at org.testng.SuiteRunnerWorker.runSuite(SuiteRunnerWorker.java:52)
	at org.testng.SuiteRunnerWorker.run(SuiteRunnerWorker.java:86)
	at org.testng.TestNG.runSuitesSequentially(TestNG.java:1293)
	at org.testng.TestNG.runSuitesLocally(TestNG.java:1218)
	at org.testng.TestNG.runSuites(TestNG.java:1133)
	at org.testng.TestNG.run(TestNG.java:1104)
	at org.testng.remote.AbstractRemoteTestNG.run(AbstractRemoteTestNG.java:132)
	at org.testng.remote.RemoteTestNG.initAndRun(RemoteTestNG.java:236)
	at org.testng.remote.RemoteTestNG.main(RemoteTestNG.java:81)
</div></td></tr></table><p class="totop"><a href="#summary">back to summary</a></p><h3 id="m25">com.distrimind.ood.tests.HSQLDBTestDatabase#testDatabaseRemove</h3><table class="result"><tr><th>Exception</th></tr><tr><td><div class="stacktrace">java.lang.Throwable: Method TestDatabase.testDatabaseRemove()[pri:0, instance:com.distrimind.ood.tests.HSQLDBTestDatabase@5edc2a37] depends on not successfully finished methods
	at org.testng.internal.Invoker.invokeTestMethods(Invoker.java:1068)
	at org.testng.internal.TestMethodWorker.invokeTestMethods(TestMethodWorker.java:129)
	at org.testng.internal.TestMethodWorker.run(TestMethodWorker.java:112)
	at org.testng.TestRunner.privateRun(TestRunner.java:756)
	at org.testng.TestRunner.run(TestRunner.java:610)
	at org.testng.SuiteRunner.runTest(SuiteRunner.java:387)
	at org.testng.SuiteRunner.runSequentially(SuiteRunner.java:382)
	at org.testng.SuiteRunner.privateRun(SuiteRunner.java:340)
	at org.testng.SuiteRunner.run(SuiteRunner.java:289)
	at org.testng.SuiteRunnerWorker.runSuite(SuiteRunnerWorker.java:52)
	at org.testng.SuiteRunnerWorker.run(SuiteRunnerWorker.java:86)
	at org.testng.TestNG.runSuitesSequentially(TestNG.java:1293)
	at org.testng.TestNG.runSuitesLocally(TestNG.java:1218)
	at org.testng.TestNG.runSuites(TestNG.java:1133)
	at org.testng.TestNG.run(TestNG.java:1104)
	at org.testng.remote.AbstractRemoteTestNG.run(AbstractRemoteTestNG.java:132)
	at org.testng.remote.RemoteTestNG.initAndRun(RemoteTestNG.java:236)
	at org.testng.remote.RemoteTestNG.main(RemoteTestNG.java:81)
</div></td></tr></table><p class="totop"><a href="#summary">back to summary</a></p><h3 id="m26">com.distrimind.ood.tests.HSQLDBTestDatabase#testFilters</h3><table class="result"><tr><th>Exception</th></tr><tr><td><div class="stacktrace">java.lang.Throwable: Method TestDatabase.testFilters()[pri:0, instance:com.distrimind.ood.tests.HSQLDBTestDatabase@5edc2a37] depends on not successfully finished methods
	at org.testng.internal.Invoker.invokeTestMethods(Invoker.java:1068)
	at org.testng.internal.TestMethodWorker.invokeTestMethods(TestMethodWorker.java:129)
	at org.testng.internal.TestMethodWorker.run(TestMethodWorker.java:112)
	at org.testng.TestRunner.privateRun(TestRunner.java:756)
	at org.testng.TestRunner.run(TestRunner.java:610)
	at org.testng.SuiteRunner.runTest(SuiteRunner.java:387)
	at org.testng.SuiteRunner.runSequentially(SuiteRunner.java:382)
	at org.testng.SuiteRunner.privateRun(SuiteRunner.java:340)
	at org.testng.SuiteRunner.run(SuiteRunner.java:289)
	at org.testng.SuiteRunnerWorker.runSuite(SuiteRunnerWorker.java:52)
	at org.testng.SuiteRunnerWorker.run(SuiteRunnerWorker.java:86)
	at org.testng.TestNG.runSuitesSequentially(TestNG.java:1293)
	at org.testng.TestNG.runSuitesLocally(TestNG.java:1218)
	at org.testng.TestNG.runSuites(TestNG.java:1133)
	at org.testng.TestNG.run(TestNG.java:1104)
	at org.testng.remote.AbstractRemoteTestNG.run(AbstractRemoteTestNG.java:132)
	at org.testng.remote.RemoteTestNG.initAndRun(RemoteTestNG.java:236)
	at org.testng.remote.RemoteTestNG.main(RemoteTestNG.java:81)
</div></td></tr></table><p class="totop"><a href="#summary">back to summary</a></p><h3 id="m27">com.distrimind.ood.tests.HSQLDBTestDatabase#testFirstAdd</h3><table class="result"><tr><th>Exception</th></tr><tr><td><div class="stacktrace">java.lang.Throwable: Method TestDatabase.testFirstAdd()[pri:0, instance:com.distrimind.ood.tests.HSQLDBTestDatabase@5edc2a37] depends on not successfully finished methods
	at org.testng.internal.Invoker.invokeTestMethods(Invoker.java:1068)
	at org.testng.internal.TestMethodWorker.invokeTestMethods(TestMethodWorker.java:129)
	at org.testng.internal.TestMethodWorker.run(TestMethodWorker.java:112)
	at org.testng.TestRunner.privateRun(TestRunner.java:756)
	at org.testng.TestRunner.run(TestRunner.java:610)
	at org.testng.SuiteRunner.runTest(SuiteRunner.java:387)
	at org.testng.SuiteRunner.runSequentially(SuiteRunner.java:382)
	at org.testng.SuiteRunner.privateRun(SuiteRunner.java:340)
	at org.testng.SuiteRunner.run(SuiteRunner.java:289)
	at org.testng.SuiteRunnerWorker.runSuite(SuiteRunnerWorker.java:52)
	at org.testng.SuiteRunnerWorker.run(SuiteRunnerWorker.java:86)
	at org.testng.TestNG.runSuitesSequentially(TestNG.java:1293)
	at org.testng.TestNG.runSuitesLocally(TestNG.java:1218)
	at org.testng.TestNG.runSuites(TestNG.java:1133)
	at org.testng.TestNG.run(TestNG.java:1104)
	at org.testng.remote.AbstractRemoteTestNG.run(AbstractRemoteTestNG.java:132)
	at org.testng.remote.RemoteTestNG.initAndRun(RemoteTestNG.java:236)
	at org.testng.remote.RemoteTestNG.main(RemoteTestNG.java:81)
</div></td></tr></table><p class="totop"><a href="#summary">back to summary</a></p><h3 id="m28">com.distrimind.ood.tests.HSQLDBTestDatabase#testIsPointed</h3><table class="result"><tr><th>Exception</th></tr><tr><td><div class="stacktrace">java.lang.Throwable: Method TestDatabase.testIsPointed()[pri:0, instance:com.distrimind.ood.tests.HSQLDBTestDatabase@5edc2a37] depends on not successfully finished methods
	at org.testng.internal.Invoker.invokeTestMethods(Invoker.java:1068)
	at org.testng.internal.TestMethodWorker.invokeTestMethods(TestMethodWorker.java:129)
	at org.testng.internal.TestMethodWorker.run(TestMethodWorker.java:112)
	at org.testng.TestRunner.privateRun(TestRunner.java:756)
	at org.testng.TestRunner.run(TestRunner.java:610)
	at org.testng.SuiteRunner.runTest(SuiteRunner.java:387)
	at org.testng.SuiteRunner.runSequentially(SuiteRunner.java:382)
	at org.testng.SuiteRunner.privateRun(SuiteRunner.java:340)
	at org.testng.SuiteRunner.run(SuiteRunner.java:289)
	at org.testng.SuiteRunnerWorker.runSuite(SuiteRunnerWorker.java:52)
	at org.testng.SuiteRunnerWorker.run(SuiteRunnerWorker.java:86)
	at org.testng.TestNG.runSuitesSequentially(TestNG.java:1293)
	at org.testng.TestNG.runSuitesLocally(TestNG.java:1218)
	at org.testng.TestNG.runSuites(TestNG.java:1133)
	at org.testng.TestNG.run(TestNG.java:1104)
	at org.testng.remote.AbstractRemoteTestNG.run(AbstractRemoteTestNG.java:132)
	at org.testng.remote.RemoteTestNG.initAndRun(RemoteTestNG.java:236)
	at org.testng.remote.RemoteTestNG.main(RemoteTestNG.java:81)
</div></td></tr></table><p class="totop"><a href="#summary">back to summary</a></p><h3 id="m29">com.distrimind.ood.tests.HSQLDBTestDatabase#testRemoveFilters</h3><table class="result"><tr><th>Exception</th></tr><tr><td><div class="stacktrace">java.lang.Throwable: Method TestDatabase.testRemoveFilters()[pri:0, instance:com.distrimind.ood.tests.HSQLDBTestDatabase@5edc2a37] depends on not successfully finished methods
	at org.testng.internal.Invoker.invokeTestMethods(Invoker.java:1068)
	at org.testng.internal.TestMethodWorker.invokeTestMethods(TestMethodWorker.java:129)
	at org.testng.internal.TestMethodWorker.run(TestMethodWorker.java:112)
	at org.testng.TestRunner.privateRun(TestRunner.java:756)
	at org.testng.TestRunner.run(TestRunner.java:610)
	at org.testng.SuiteRunner.runTest(SuiteRunner.java:387)
	at org.testng.SuiteRunner.runSequentially(SuiteRunner.java:382)
	at org.testng.SuiteRunner.privateRun(SuiteRunner.java:340)
	at org.testng.SuiteRunner.run(SuiteRunner.java:289)
	at org.testng.SuiteRunnerWorker.runSuite(SuiteRunnerWorker.java:52)
	at org.testng.SuiteRunnerWorker.run(SuiteRunnerWorker.java:86)
	at org.testng.TestNG.runSuitesSequentially(TestNG.java:1293)
	at org.testng.TestNG.runSuitesLocally(TestNG.java:1218)
	at org.testng.TestNG.runSuites(TestNG.java:1133)
	at org.testng.TestNG.run(TestNG.java:1104)
	at org.testng.remote.AbstractRemoteTestNG.run(AbstractRemoteTestNG.java:132)
	at org.testng.remote.RemoteTestNG.initAndRun(RemoteTestNG.java:236)
	at org.testng.remote.RemoteTestNG.main(RemoteTestNG.java:81)
</div></td></tr></table><p class="totop"><a href="#summary">back to summary</a></p><h3 id="m30">com.distrimind.ood.tests.HSQLDBTestDatabase#testThreadSafe</h3><table class="result"><tr><th>Exception</th></tr><tr><td><div class="stacktrace">java.lang.Throwable: Method TestDatabase.testThreadSafe()[pri:0, instance:com.distrimind.ood.tests.HSQLDBTestDatabase@5edc2a37] depends on not successfully finished methods
	at org.testng.internal.Invoker.invokeTestMethods(Invoker.java:1068)
	at org.testng.internal.TestMethodWorker.invokeTestMethods(TestMethodWorker.java:129)
	at org.testng.internal.TestMethodWorker.run(TestMethodWorker.java:112)
	at org.testng.TestRunner.privateRun(TestRunner.java:756)
	at org.testng.TestRunner.run(TestRunner.java:610)
	at org.testng.SuiteRunner.runTest(SuiteRunner.java:387)
	at org.testng.SuiteRunner.runSequentially(SuiteRunner.java:382)
	at org.testng.SuiteRunner.privateRun(SuiteRunner.java:340)
	at org.testng.SuiteRunner.run(SuiteRunner.java:289)
	at org.testng.SuiteRunnerWorker.runSuite(SuiteRunnerWorker.java:52)
	at org.testng.SuiteRunnerWorker.run(SuiteRunnerWorker.java:86)
	at org.testng.TestNG.runSuitesSequentially(TestNG.java:1293)
	at org.testng.TestNG.runSuitesLocally(TestNG.java:1218)
	at org.testng.TestNG.runSuites(TestNG.java:1133)
	at org.testng.TestNG.run(TestNG.java:1104)
	at org.testng.remote.AbstractRemoteTestNG.run(AbstractRemoteTestNG.java:132)
	at org.testng.remote.RemoteTestNG.initAndRun(RemoteTestNG.java:236)
	at org.testng.remote.RemoteTestNG.main(RemoteTestNG.java:81)
</div></td></tr></table><p class="totop"><a href="#summary">back to summary</a></p><h3 id="m31">com.distrimind.ood.tests.HSQLDBTestDatabase#checkUnloadedDatabase</h3><table class="result"></table><p class="totop"><a href="#summary">back to summary</a></p><h3 id="m32">com.distrimind.ood.tests.HSQLDBTestDatabase#firstLoad</h3><table class="result"></table><p class="totop"><a href="#summary">back to summary</a></p><h3 id="m33">com.distrimind.ood.tests.HSQLDBTestDatabase#isLoadedIntoMemory</h3><table class="result"></table><p class="totop"><a href="#summary">back to summary</a></p></body></html>