<?xml version="1.0" encoding="UTF-8"?>
<!-- Generated by org.testng.reporters.JUnitXMLReporter -->
<testsuite hostname="choupchoup" name="Default test" tests="28" failures="1" timestamp="4 Mar 2016 09:06:33 GMT" time="43.903" errors="0">
  <testcase name="" time="0.778" classname="com.distrimind.ood.tests.HSQLDBTestDatabase"/>
  <testcase name="" time="0.379" classname="com.distrimind.ood.tests.HSQLDBTestDatabase"/>
  <testcase name="" time="0.0" classname="com.distrimind.ood.tests.HSQLDBTestDatabase"/>
  <testcase name="" time="0.002" classname="com.distrimind.ood.tests.HSQLDBTestDatabase"/>
  <testcase name="" time="0.796" classname="com.distrimind.ood.tests.HSQLDBTestDatabase"/>
  <testcase name="" time="0.005" classname="com.distrimind.ood.tests.HSQLDBTestDatabase"/>
  <testcase name="" time="0.002" classname="com.distrimind.ood.tests.HSQLDBTestDatabase"/>
  <testcase name="" time="0.013" classname="com.distrimind.ood.tests.HSQLDBTestDatabase"/>
  <testcase name="" time="0.168" classname="com.distrimind.ood.tests.HSQLDBTestDatabase"/>
  <testcase name="" time="0.013" classname="com.distrimind.ood.tests.HSQLDBTestDatabase"/>
  <testcase name="" time="0.055" classname="com.distrimind.ood.tests.HSQLDBTestDatabase"/>
  <testcase name="" time="0.008" classname="com.distrimind.ood.tests.HSQLDBTestDatabase"/>
  <testcase name="" time="0.01" classname="com.distrimind.ood.tests.HSQLDBTestDatabase"/>
  <testcase name="" time="0.278" classname="com.distrimind.ood.tests.HSQLDBTestDatabase"/>
  <testcase name="" time="13.05" classname="com.distrimind.ood.tests.HSQLDBTestDatabase"/>
  <testcase name="" time="0.005" classname="com.distrimind.ood.tests.HSQLDBTestDatabase"/>
  <testcase name="" time="0.003" classname="com.distrimind.ood.tests.HSQLDBTestDatabase"/>
  <testcase name="" time="0.462" classname="com.distrimind.ood.tests.HSQLDBTestDatabase"/>
  <testcase name="" time="0.035" classname="com.distrimind.ood.tests.HSQLDBTestDatabase"/>
  <testcase name="" time="0.015" classname="com.distrimind.ood.tests.HSQLDBTestDatabase"/>
  <testcase name="" time="0.014" classname="com.distrimind.ood.tests.HSQLDBTestDatabase"/>
  <testcase name="" time="0.004" classname="com.distrimind.ood.tests.HSQLDBTestDatabase"/>
  <testcase name="" time="3.665" classname="com.distrimind.ood.tests.HSQLDBTestDatabase"/>
  <testcase name="" time="4.544" classname="com.distrimind.ood.tests.HSQLDBTestDatabase"/>
  <testcase name="" time="2.432" classname="com.distrimind.ood.tests.HSQLDBTestDatabase"/>
  <testcase name="" time="16.867" classname="com.distrimind.ood.tests.HSQLDBTestDatabase">
    <failure type="com.distrimind.ood.database.exceptions.DatabaseException" message="Unexpected exception">
      <![CDATA[com.distrimind.ood.database.exceptions.DatabaseException: Unexpected exception
	at com.distrimind.ood.database.exceptions.DatabaseException.getDatabaseException(DatabaseException.java:68)
	at com.distrimind.ood.database.fieldaccessors.ByteTabConvertibleFieldAccessor.equals(ByteTabConvertibleFieldAccessor.java:115)
	at com.distrimind.ood.database.Table.equalsAllFields(Table.java:3160)
	at com.distrimind.ood.tests.HSQLDBTestDatabase.subMultipleTests(HSQLDBTestDatabase.java:4013)
	at com.distrimind.ood.tests.HSQLDBTestDatabase.multipleTests(HSQLDBTestDatabase.java:2825)
	at sun.reflect.NativeMethodAccessorImpl.invoke0(Native Method)
	at sun.reflect.NativeMethodAccessorImpl.invoke(NativeMethodAccessorImpl.java:62)
	at sun.reflect.DelegatingMethodAccessorImpl.invoke(DelegatingMethodAccessorImpl.java:43)
	at java.lang.reflect.Method.invoke(Method.java:498)
	at org.testng.internal.MethodInvocationHelper.invokeMethod(MethodInvocationHelper.java:86)
	at org.testng.internal.Invoker.invokeMethod(Invoker.java:645)
	at org.testng.internal.Invoker.invokeTestMethod(Invoker.java:822)
	at org.testng.internal.Invoker.invokeTestMethods(Invoker.java:1130)
	at org.testng.internal.TestMethodWorker.invokeTestMethods(TestMethodWorker.java:129)
	at org.testng.internal.TestMethodWorker.run(TestMethodWorker.java:112)
	at org.testng.TestRunner.privateRun(TestRunner.java:782)
	at org.testng.TestRunner.run(TestRunner.java:632)
	at org.testng.SuiteRunner.runTest(SuiteRunner.java:366)
	at org.testng.SuiteRunner.runSequentially(SuiteRunner.java:361)
	at org.testng.SuiteRunner.privateRun(SuiteRunner.java:319)
	at org.testng.SuiteRunner.run(SuiteRunner.java:268)
	at org.testng.SuiteRunnerWorker.runSuite(SuiteRunnerWorker.java:52)
	at org.testng.SuiteRunnerWorker.run(SuiteRunnerWorker.java:86)
	at org.testng.TestNG.runSuitesSequentially(TestNG.java:1244)
	at org.testng.TestNG.runSuitesLocally(TestNG.java:1169)
	at org.testng.TestNG.run(TestNG.java:1064)
	at org.testng.remote.RemoteTestNG.run(RemoteTestNG.java:113)
	at org.testng.remote.RemoteTestNG.initAndRun(RemoteTestNG.java:206)
	at org.testng.remote.RemoteTestNG.main(RemoteTestNG.java:177)
Caused by: java.lang.ClassCastException: javax.crypto.spec.SecretKeySpec cannot be cast to [B
	at com.distrimind.ood.database.fieldaccessors.ByteTabConvertibleFieldAccessor.equals(ByteTabConvertibleFieldAccessor.java:90)
	... 27 more
]]>
    </failure>
  </testcase> <!--  -->
  <testcase name="testThreadSafe" time="0.0" classname="com.distrimind.ood.tests.HSQLDBTestDatabase">
    <skipped/>
  </testcase> <!-- testThreadSafe -->
  <testcase name="testCheckPoint" time="0.0" classname="com.distrimind.ood.tests.HSQLDBTestDatabase">
    <skipped/>
  </testcase> <!-- testCheckPoint -->
</testsuite> <!-- Default test -->
